{"D:\\zenith\\ticketing-system-build\\backend\\src\\app.ts": {"path":"D:\\zenith\\ticketing-system-build\\backend\\src\\app.ts","statementMap":{"0":{"start":{"line":14,"column":0},"end":{"line":14,"column":16}},"1":{"start":{"line":1,"column":0},"end":{"line":1,"column":43}},"2":{"start":{"line":2,"column":0},"end":{"line":2,"column":24}},"3":{"start":{"line":3,"column":0},"end":{"line":3,"column":24}},"4":{"start":{"line":4,"column":0},"end":{"line":4,"column":28}},"5":{"start":{"line":5,"column":0},"end":{"line":5,"column":38}},"6":{"start":{"line":6,"column":0},"end":{"line":6,"column":39}},"7":{"start":{"line":7,"column":0},"end":{"line":7,"column":47}},"8":{"start":{"line":8,"column":0},"end":{"line":8,"column":44}},"9":{"start":{"line":9,"column":0},"end":{"line":9,"column":44}},"10":{"start":{"line":10,"column":0},"end":{"line":10,"column":57}},"11":{"start":{"line":11,"column":0},"end":{"line":11,"column":91}},"12":{"start":{"line":12,"column":0},"end":{"line":12,"column":78}},"13":{"start":{"line":15,"column":23},"end":{"line":15,"column":32}},"14":{"start":{"line":17,"column":2},"end":{"line":17,"column":31}},"15":{"start":{"line":18,"column":2},"end":{"line":20,"column":6}},"16":{"start":{"line":21,"column":2},"end":{"line":21,"column":25}},"17":{"start":{"line":24,"column":2},"end":{"line":24,"column":25}},"18":{"start":{"line":27,"column":2},"end":{"line":30,"column":3}},"19":{"start":{"line":28,"column":4},"end":{"line":28,"column":42}},"20":{"start":{"line":29,"column":4},"end":{"line":29,"column":40}},"21":{"start":{"line":33,"column":2},"end":{"line":37,"column":6}},"22":{"start":{"line":40,"column":2},"end":{"line":40,"column":42}},"23":{"start":{"line":41,"column":2},"end":{"line":41,"column":64}},"24":{"start":{"line":44,"column":21},"end":{"line":44,"column":55}},"25":{"start":{"line":45,"column":2},"end":{"line":49,"column":5}},"26":{"start":{"line":45,"column":2},"end":{"line":45,"column":15}},"27":{"start":{"line":46,"column":4},"end":{"line":48,"column":5}},"28":{"start":{"line":47,"column":6},"end":{"line":47,"column":52}},"29":{"start":{"line":50,"column":2},"end":{"line":50,"column":50}},"30":{"start":{"line":53,"column":2},"end":{"line":53,"column":35}},"31":{"start":{"line":54,"column":2},"end":{"line":54,"column":34}},"32":{"start":{"line":55,"column":2},"end":{"line":55,"column":40}},"33":{"start":{"line":56,"column":2},"end":{"line":56,"column":40}},"34":{"start":{"line":59,"column":2},"end":{"line":67,"column":5}},"35":{"start":{"line":60,"column":4},"end":{"line":66,"column":5}},"36":{"start":{"line":61,"column":42},"end":{"line":61,"column":62}},"37":{"start":{"line":62,"column":6},"end":{"line":62,"column":38}},"38":{"start":{"line":63,"column":6},"end":{"line":63,"column":85}},"39":{"start":{"line":65,"column":6},"end":{"line":65,"column":106}},"40":{"start":{"line":70,"column":2},"end":{"line":76,"column":5}},"41":{"start":{"line":71,"column":4},"end":{"line":75,"column":7}},"42":{"start":{"line":79,"column":2},"end":{"line":79,"column":55}},"43":{"start":{"line":81,"column":2},"end":{"line":81,"column":13}}},"fnMap":{"0":{"name":"createApp","decl":{"start":{"line":14,"column":16},"end":{"line":14,"column":25}},"loc":{"start":{"line":14,"column":25},"end":{"line":82,"column":1}}},"1":{"name":"(anonymous_11)","decl":{"start":{"line":45,"column":2},"end":{"line":45,"column":9}},"loc":{"start":{"line":45,"column":2},"end":{"line":45,"column":15}}},"2":{"name":"(anonymous_12)","decl":{"start":{"line":45,"column":20},"end":{"line":45,"column":22}},"loc":{"start":{"line":45,"column":25},"end":{"line":49,"column":3}}},"3":{"name":"(anonymous_13)","decl":{"start":{"line":59,"column":25},"end":{"line":59,"column":30}},"loc":{"start":{"line":59,"column":45},"end":{"line":67,"column":3}}},"4":{"name":"(anonymous_14)","decl":{"start":{"line":61,"column":42},"end":{"line":61,"column":55}},"loc":{"start":{"line":61,"column":42},"end":{"line":61,"column":62}}},"5":{"name":"(anonymous_15)","decl":{"start":{"line":70,"column":10},"end":{"line":70,"column":11}},"loc":{"start":{"line":70,"column":24},"end":{"line":76,"column":3}}}},"branchMap":{"0":{"loc":{"start":{"line":27,"column":2},"end":{"line":30,"column":3}},"type":"if","locations":[{"start":{"line":27,"column":2},"end":{"line":30,"column":3}},{"start":{},"end":{}}]},"1":{"loc":{"start":{"line":34,"column":12},"end":{"line":34,"column":63}},"type":"binary-expr","locations":[{"start":{"line":34,"column":12},"end":{"line":34,"column":36}},{"start":{"line":34,"column":40},"end":{"line":34,"column":63}}]},"2":{"loc":{"start":{"line":46,"column":4},"end":{"line":48,"column":5}},"type":"if","locations":[{"start":{"line":46,"column":4},"end":{"line":48,"column":5}},{"start":{},"end":{}}]}},"s":{"0":3,"1":3,"2":3,"3":3,"4":3,"5":3,"6":3,"7":3,"8":3,"9":3,"10":3,"11":3,"12":3,"13":3,"14":3,"15":3,"16":3,"17":3,"18":3,"19":0,"20":0,"21":3,"22":3,"23":3,"24":3,"25":3,"26":3,"27":3,"28":0,"29":3,"30":3,"31":3,"32":3,"33":3,"34":3,"35":0,"36":0,"37":0,"38":0,"39":0,"40":3,"41":1,"42":3,"43":3},"f":{"0":3,"1":3,"2":3,"3":0,"4":0,"5":1},"b":{"0":[0,3],"1":[3,3],"2":[0,3]}}
,"D:\\zenith\\ticketing-system-build\\backend\\src\\db\\index.ts": {"path":"D:\\zenith\\ticketing-system-build\\backend\\src\\db\\index.ts","statementMap":{"0":{"start":{"line":1,"column":0},"end":{"line":1,"column":28}},"1":{"start":{"line":2,"column":0},"end":{"line":2,"column":38}},"2":{"start":{"line":3,"column":0},"end":{"line":3,"column":20}},"3":{"start":{"line":4,"column":0},"end":{"line":4,"column":24}},"4":{"start":{"line":6,"column":0},"end":{"line":6,"column":16}},"5":{"start":{"line":8,"column":20},"end":{"line":8,"column":22}},"6":{"start":{"line":9,"column":23},"end":{"line":9,"column":27}},"7":{"start":{"line":11,"column":22},"end":{"line":31,"column":1}},"8":{"start":{"line":12,"column":27},"end":{"line":12,"column":51}},"9":{"start":{"line":14,"column":2},"end":{"line":18,"column":3}},"10":{"start":{"line":15,"column":4},"end":{"line":17,"column":6}},"11":{"start":{"line":20,"column":29},"end":{"line":20,"column":49}},"12":{"start":{"line":22,"column":2},"end":{"line":28,"column":3}},"13":{"start":{"line":27,"column":4},"end":{"line":27,"column":47}},"14":{"start":{"line":30,"column":2},"end":{"line":30,"column":16}},"15":{"start":{"line":33,"column":13},"end":{"line":33,"column":38}},"16":{"start":{"line":35,"column":0},"end":{"line":37,"column":3}},"17":{"start":{"line":36,"column":2},"end":{"line":36,"column":60}},"18":{"start":{"line":39,"column":21},"end":{"line":39,"column":79}},"19":{"start":{"line":39,"column":55},"end":{"line":39,"column":79}},"20":{"start":{"line":39,"column":13},"end":{"line":39,"column":21}},"21":{"start":{"line":41,"column":25},"end":{"line":41,"column":45}},"22":{"start":{"line":41,"column":31},"end":{"line":41,"column":45}},"23":{"start":{"line":41,"column":13},"end":{"line":41,"column":25}},"24":{"start":{"line":43,"column":39},"end":{"line":45,"column":1}},"25":{"start":{"line":44,"column":2},"end":{"line":44,"column":31}},"26":{"start":{"line":43,"column":13},"end":{"line":43,"column":39}},"27":{"start":{"line":47,"column":31},"end":{"line":68,"column":1}},"28":{"start":{"line":48,"column":2},"end":{"line":67,"column":3}},"29":{"start":{"line":48,"column":21},"end":{"line":48,"column":22}},"30":{"start":{"line":49,"column":4},"end":{"line":66,"column":5}},"31":{"start":{"line":50,"column":6},"end":{"line":50,"column":38}},"32":{"start":{"line":51,"column":6},"end":{"line":51,"column":13}},"33":{"start":{"line":53,"column":28},"end":{"line":53,"column":47}},"34":{"start":{"line":54,"column":6},"end":{"line":56,"column":8}},"35":{"start":{"line":58,"column":6},"end":{"line":63,"column":7}},"36":{"start":{"line":59,"column":8},"end":{"line":62,"column":10}},"37":{"start":{"line":65,"column":6},"end":{"line":65,"column":74}},"38":{"start":{"line":65,"column":37},"end":{"line":65,"column":72}},"39":{"start":{"line":47,"column":13},"end":{"line":47,"column":31}},"40":{"start":{"line":70,"column":34},"end":{"line":83,"column":1}},"41":{"start":{"line":71,"column":2},"end":{"line":71,"column":26}},"42":{"start":{"line":73,"column":21},"end":{"line":73,"column":55}},"43":{"start":{"line":74,"column":17},"end":{"line":74,"column":53}},"44":{"start":{"line":76,"column":2},"end":{"line":82,"column":3}},"45":{"start":{"line":77,"column":4},"end":{"line":77,"column":24}},"46":{"start":{"line":78,"column":4},"end":{"line":78,"column":65}},"47":{"start":{"line":80,"column":4},"end":{"line":80,"column":62}},"48":{"start":{"line":81,"column":4},"end":{"line":81,"column":16}},"49":{"start":{"line":70,"column":13},"end":{"line":70,"column":34}},"50":{"start":{"line":85,"column":29},"end":{"line":92,"column":1}},"51":{"start":{"line":86,"column":2},"end":{"line":91,"column":3}},"52":{"start":{"line":87,"column":4},"end":{"line":87,"column":21}},"53":{"start":{"line":88,"column":4},"end":{"line":88,"column":52}},"54":{"start":{"line":90,"column":4},"end":{"line":90,"column":68}},"55":{"start":{"line":85,"column":13},"end":{"line":85,"column":29}},"56":{"start":{"line":94,"column":0},"end":{"line":94,"column":20}}},"fnMap":{"0":{"name":"(anonymous_1)","decl":{"start":{"line":11,"column":22},"end":{"line":11,"column":37}},"loc":{"start":{"line":11,"column":39},"end":{"line":31,"column":1}}},"1":{"name":"(anonymous_2)","decl":{"start":{"line":35,"column":17},"end":{"line":35,"column":18}},"loc":{"start":{"line":35,"column":25},"end":{"line":37,"column":1}}},"2":{"name":"(anonymous_3)","decl":{"start":{"line":39,"column":21},"end":{"line":39,"column":22}},"loc":{"start":{"line":39,"column":55},"end":{"line":39,"column":79}}},"3":{"name":"(anonymous_4)","decl":{"start":{"line":41,"column":25},"end":{"line":41,"column":28}},"loc":{"start":{"line":41,"column":31},"end":{"line":41,"column":45}}},"4":{"name":"(anonymous_5)","decl":{"start":{"line":43,"column":39},"end":{"line":43,"column":44}},"loc":{"start":{"line":43,"column":65},"end":{"line":45,"column":1}}},"5":{"name":"(anonymous_6)","decl":{"start":{"line":47,"column":31},"end":{"line":47,"column":36}},"loc":{"start":{"line":47,"column":78},"end":{"line":68,"column":1}}},"6":{"name":"(anonymous_7)","decl":{"start":{"line":65,"column":24},"end":{"line":65,"column":25}},"loc":{"start":{"line":65,"column":37},"end":{"line":65,"column":72}}},"7":{"name":"(anonymous_8)","decl":{"start":{"line":70,"column":34},"end":{"line":70,"column":39}},"loc":{"start":{"line":70,"column":45},"end":{"line":83,"column":1}}},"8":{"name":"(anonymous_9)","decl":{"start":{"line":85,"column":29},"end":{"line":85,"column":34}},"loc":{"start":{"line":85,"column":55},"end":{"line":92,"column":1}}}},"branchMap":{"0":{"loc":{"start":{"line":14,"column":2},"end":{"line":18,"column":3}},"type":"if","locations":[{"start":{"line":14,"column":2},"end":{"line":18,"column":3}},{"start":{},"end":{}}]},"1":{"loc":{"start":{"line":22,"column":2},"end":{"line":28,"column":3}},"type":"if","locations":[{"start":{"line":22,"column":2},"end":{"line":28,"column":3}},{"start":{},"end":{}}]},"2":{"loc":{"start":{"line":23,"column":4},"end":{"line":25,"column":48}},"type":"binary-expr","locations":[{"start":{"line":23,"column":4},"end":{"line":23,"column":41}},{"start":{"line":24,"column":4},"end":{"line":24,"column":42}},{"start":{"line":25,"column":4},"end":{"line":25,"column":48}}]},"3":{"loc":{"start":{"line":47,"column":38},"end":{"line":47,"column":59}},"type":"default-arg","locations":[{"start":{"line":47,"column":48},"end":{"line":47,"column":59}}]},"4":{"loc":{"start":{"line":58,"column":6},"end":{"line":63,"column":7}},"type":"if","locations":[{"start":{"line":58,"column":6},"end":{"line":63,"column":7}},{"start":{},"end":{}}]}},"s":{"0":0,"1":0,"2":0,"3":0,"4":0,"5":0,"6":0,"7":0,"8":0,"9":0,"10":0,"11":0,"12":0,"13":0,"14":0,"15":0,"16":0,"17":0,"18":0,"19":0,"20":0,"21":0,"22":0,"23":0,"24":0,"25":0,"26":0,"27":0,"28":0,"29":0,"30":0,"31":0,"32":0,"33":0,"34":0,"35":0,"36":0,"37":0,"38":0,"39":0,"40":0,"41":0,"42":0,"43":0,"44":0,"45":0,"46":0,"47":0,"48":0,"49":0,"50":0,"51":0,"52":0,"53":0,"54":0,"55":0,"56":0},"f":{"0":0,"1":0,"2":0,"3":0,"4":0,"5":0,"6":0,"7":0,"8":0},"b":{"0":[0,0],"1":[0,0],"2":[0,0,0],"3":[0],"4":[0,0]}}
,"D:\\zenith\\ticketing-system-build\\backend\\src\\middleware\\auth.ts": {"path":"D:\\zenith\\ticketing-system-build\\backend\\src\\middleware\\auth.ts","statementMap":{"0":{"start":{"line":2,"column":0},"end":{"line":2,"column":31}},"1":{"start":{"line":3,"column":0},"end":{"line":3,"column":30}},"2":{"start":{"line":4,"column":0},"end":{"line":4,"column":81}},"3":{"start":{"line":5,"column":0},"end":{"line":5,"column":73}},"4":{"start":{"line":7,"column":21},"end":{"line":13,"column":1}},"5":{"start":{"line":8,"column":17},"end":{"line":8,"column":39}},"6":{"start":{"line":9,"column":2},"end":{"line":11,"column":3}},"7":{"start":{"line":10,"column":4},"end":{"line":10,"column":74}},"8":{"start":{"line":12,"column":2},"end":{"line":12,"column":16}},"9":{"start":{"line":24,"column":33},"end":{"line":58,"column":1}},"10":{"start":{"line":25,"column":21},"end":{"line":25,"column":49}},"11":{"start":{"line":26,"column":16},"end":{"line":26,"column":54}},"12":{"start":{"line":28,"column":2},"end":{"line":30,"column":3}},"13":{"start":{"line":29,"column":4},"end":{"line":29,"column":66}},"14":{"start":{"line":32,"column":2},"end":{"line":57,"column":3}},"15":{"start":{"line":33,"column":20},"end":{"line":33,"column":86}},"16":{"start":{"line":35,"column":4},"end":{"line":39,"column":5}},"17":{"start":{"line":36,"column":6},"end":{"line":36,"column":58}},"18":{"start":{"line":37,"column":6},"end":{"line":37,"column":13}},"19":{"start":{"line":38,"column":6},"end":{"line":38,"column":13}},"20":{"start":{"line":41,"column":19},"end":{"line":43,"column":null}},"21":{"start":{"line":46,"column":4},"end":{"line":48,"column":5}},"22":{"start":{"line":47,"column":6},"end":{"line":47,"column":71}},"23":{"start":{"line":50,"column":4},"end":{"line":53,"column":6}},"24":{"start":{"line":54,"column":4},"end":{"line":54,"column":11}},"25":{"start":{"line":56,"column":4},"end":{"line":56,"column":69}},"26":{"start":{"line":24,"column":13},"end":{"line":24,"column":33}},"27":{"start":{"line":60,"column":36},"end":{"line":89,"column":1}},"28":{"start":{"line":61,"column":2},"end":{"line":88,"column":4}},"29":{"start":{"line":62,"column":4},"end":{"line":64,"column":5}},"30":{"start":{"line":63,"column":6},"end":{"line":63,"column":59}},"31":{"start":{"line":66,"column":23},"end":{"line":66,"column":33}},"32":{"start":{"line":68,"column":4},"end":{"line":87,"column":5}},"33":{"start":{"line":69,"column":21},"end":{"line":71,"column":null}},"34":{"start":{"line":74,"column":6},"end":{"line":76,"column":7}},"35":{"start":{"line":75,"column":8},"end":{"line":75,"column":89}},"36":{"start":{"line":78,"column":19},"end":{"line":78,"column":38}},"37":{"start":{"line":79,"column":6},"end":{"line":81,"column":7}},"38":{"start":{"line":80,"column":8},"end":{"line":80,"column":72}},"39":{"start":{"line":83,"column":6},"end":{"line":83,"column":31}},"40":{"start":{"line":84,"column":6},"end":{"line":84,"column":13}},"41":{"start":{"line":86,"column":6},"end":{"line":86,"column":72}},"42":{"start":{"line":60,"column":13},"end":{"line":60,"column":36}},"43":{"start":{"line":91,"column":29},"end":{"line":118,"column":1}},"44":{"start":{"line":92,"column":2},"end":{"line":117,"column":4}},"45":{"start":{"line":93,"column":4},"end":{"line":95,"column":5}},"46":{"start":{"line":94,"column":6},"end":{"line":94,"column":59}},"47":{"start":{"line":97,"column":23},"end":{"line":97,"column":33}},"48":{"start":{"line":99,"column":4},"end":{"line":116,"column":5}},"49":{"start":{"line":100,"column":21},"end":{"line":102,"column":null}},"50":{"start":{"line":105,"column":19},"end":{"line":105,"column":39}},"51":{"start":{"line":106,"column":28},"end":{"line":106,"column":61}},"52":{"start":{"line":108,"column":6},"end":{"line":110,"column":7}},"53":{"start":{"line":109,"column":8},"end":{"line":109,"column":72}},"54":{"start":{"line":112,"column":6},"end":{"line":112,"column":31}},"55":{"start":{"line":113,"column":6},"end":{"line":113,"column":13}},"56":{"start":{"line":115,"column":6},"end":{"line":115,"column":72}},"57":{"start":{"line":91,"column":13},"end":{"line":91,"column":29}}},"fnMap":{"0":{"name":"(anonymous_1)","decl":{"start":{"line":7,"column":21},"end":{"line":7,"column":24}},"loc":{"start":{"line":7,"column":26},"end":{"line":13,"column":1}}},"1":{"name":"(anonymous_2)","decl":{"start":{"line":24,"column":33},"end":{"line":24,"column":38}},"loc":{"start":{"line":24,"column":95},"end":{"line":58,"column":1}}},"2":{"name":"(anonymous_3)","decl":{"start":{"line":60,"column":36},"end":{"line":60,"column":37}},"loc":{"start":{"line":60,"column":66},"end":{"line":89,"column":1}}},"3":{"name":"(anonymous_4)","decl":{"start":{"line":61,"column":9},"end":{"line":61,"column":14}},"loc":{"start":{"line":61,"column":71},"end":{"line":88,"column":3}}},"4":{"name":"(anonymous_5)","decl":{"start":{"line":91,"column":29},"end":{"line":91,"column":30}},"loc":{"start":{"line":91,"column":56},"end":{"line":118,"column":1}}},"5":{"name":"(anonymous_6)","decl":{"start":{"line":92,"column":9},"end":{"line":92,"column":14}},"loc":{"start":{"line":92,"column":71},"end":{"line":117,"column":3}}}},"branchMap":{"0":{"loc":{"start":{"line":9,"column":2},"end":{"line":11,"column":3}},"type":"if","locations":[{"start":{"line":9,"column":2},"end":{"line":11,"column":3}},{"start":{},"end":{}}]},"1":{"loc":{"start":{"line":26,"column":16},"end":{"line":26,"column":54}},"type":"binary-expr","locations":[{"start":{"line":26,"column":16},"end":{"line":26,"column":26}},{"start":{"line":26,"column":30},"end":{"line":26,"column":54}}]},"2":{"loc":{"start":{"line":28,"column":2},"end":{"line":30,"column":3}},"type":"if","locations":[{"start":{"line":28,"column":2},"end":{"line":30,"column":3}},{"start":{},"end":{}}]},"3":{"loc":{"start":{"line":35,"column":4},"end":{"line":39,"column":5}},"type":"if","locations":[{"start":{"line":35,"column":4},"end":{"line":39,"column":5}},{"start":{},"end":{}}]},"4":{"loc":{"start":{"line":46,"column":4},"end":{"line":48,"column":5}},"type":"if","locations":[{"start":{"line":46,"column":4},"end":{"line":48,"column":5}},{"start":{},"end":{}}]},"5":{"loc":{"start":{"line":62,"column":4},"end":{"line":64,"column":5}},"type":"if","locations":[{"start":{"line":62,"column":4},"end":{"line":64,"column":5}},{"start":{},"end":{}}]},"6":{"loc":{"start":{"line":74,"column":6},"end":{"line":76,"column":7}},"type":"if","locations":[{"start":{"line":74,"column":6},"end":{"line":76,"column":7}},{"start":{},"end":{}}]},"7":{"loc":{"start":{"line":79,"column":6},"end":{"line":81,"column":7}},"type":"if","locations":[{"start":{"line":79,"column":6},"end":{"line":81,"column":7}},{"start":{},"end":{}}]},"8":{"loc":{"start":{"line":93,"column":4},"end":{"line":95,"column":5}},"type":"if","locations":[{"start":{"line":93,"column":4},"end":{"line":95,"column":5}},{"start":{},"end":{}}]},"9":{"loc":{"start":{"line":106,"column":28},"end":{"line":106,"column":61}},"type":"cond-expr","locations":[{"start":{"line":106,"column":48},"end":{"line":106,"column":54}},{"start":{"line":106,"column":57},"end":{"line":106,"column":61}}]},"10":{"loc":{"start":{"line":108,"column":6},"end":{"line":110,"column":7}},"type":"if","locations":[{"start":{"line":108,"column":6},"end":{"line":110,"column":7}},{"start":{},"end":{}}]},"11":{"loc":{"start":{"line":108,"column":10},"end":{"line":108,"column":75}},"type":"binary-expr","locations":[{"start":{"line":108,"column":10},"end":{"line":108,"column":34}},{"start":{"line":108,"column":38},"end":{"line":108,"column":75}}]}},"s":{"0":3,"1":3,"2":3,"3":3,"4":3,"5":38,"6":38,"7":0,"8":38,"9":3,"10":43,"11":43,"12":43,"13":5,"14":38,"15":38,"16":36,"17":36,"18":36,"19":36,"20":0,"21":0,"22":0,"23":0,"24":0,"25":2,"26":3,"27":3,"28":9,"29":11,"30":0,"31":11,"32":11,"33":11,"34":11,"35":1,"36":10,"37":10,"38":2,"39":8,"40":8,"41":0,"42":3,"43":3,"44":0,"45":0,"46":0,"47":0,"48":0,"49":0,"50":0,"51":0,"52":0,"53":0,"54":0,"55":0,"56":0,"57":3},"f":{"0":38,"1":43,"2":9,"3":11,"4":0,"5":0},"b":{"0":[0,38],"1":[43,38],"2":[5,38],"3":[36,0],"4":[0,0],"5":[0,11],"6":[1,10],"7":[2,8],"8":[0,0],"9":[0,0],"10":[0,0],"11":[0,0]}}
,"D:\\zenith\\ticketing-system-build\\backend\\src\\middleware\\errorHandler.ts": {"path":"D:\\zenith\\ticketing-system-build\\backend\\src\\middleware\\errorHandler.ts","statementMap":{"0":{"start":{"line":2,"column":0},"end":{"line":2,"column":58}},"1":{"start":{"line":15,"column":4},"end":{"line":15,"column":19}},"2":{"start":{"line":11,"column":11},"end":{"line":11,"column":28}},"3":{"start":{"line":12,"column":11},"end":{"line":12,"column":29}},"4":{"start":{"line":13,"column":11},"end":{"line":13,"column":26}},"5":{"start":{"line":16,"column":4},"end":{"line":16,"column":31}},"6":{"start":{"line":17,"column":4},"end":{"line":17,"column":56}},"7":{"start":{"line":9,"column":0},"end":{"line":9,"column":13}},"8":{"start":{"line":23,"column":4},"end":{"line":23,"column":44}},"9":{"start":{"line":22,"column":60},"end":{"line":22,"column":75}},"10":{"start":{"line":24,"column":4},"end":{"line":24,"column":59}},"11":{"start":{"line":21,"column":0},"end":{"line":21,"column":13}},"12":{"start":{"line":30,"column":4},"end":{"line":30,"column":48}},"13":{"start":{"line":31,"column":4},"end":{"line":31,"column":63}},"14":{"start":{"line":28,"column":0},"end":{"line":28,"column":13}},"15":{"start":{"line":37,"column":4},"end":{"line":37,"column":47}},"16":{"start":{"line":38,"column":4},"end":{"line":38,"column":62}},"17":{"start":{"line":35,"column":0},"end":{"line":35,"column":13}},"18":{"start":{"line":44,"column":4},"end":{"line":44,"column":53}},"19":{"start":{"line":45,"column":4},"end":{"line":45,"column":57}},"20":{"start":{"line":42,"column":0},"end":{"line":42,"column":13}},"21":{"start":{"line":51,"column":4},"end":{"line":51,"column":36}},"22":{"start":{"line":52,"column":4},"end":{"line":52,"column":57}},"23":{"start":{"line":49,"column":0},"end":{"line":49,"column":13}},"24":{"start":{"line":58,"column":4},"end":{"line":58,"column":47}},"25":{"start":{"line":59,"column":4},"end":{"line":59,"column":58}},"26":{"start":{"line":56,"column":0},"end":{"line":56,"column":13}},"27":{"start":{"line":63,"column":28},"end":{"line":157,"column":1}},"28":{"start":{"line":69,"column":2},"end":{"line":75,"column":5}},"29":{"start":{"line":78,"column":2},"end":{"line":85,"column":3}},"30":{"start":{"line":79,"column":4},"end":{"line":84,"column":7}},"31":{"start":{"line":88,"column":2},"end":{"line":95,"column":3}},"32":{"start":{"line":89,"column":4},"end":{"line":94,"column":7}},"33":{"start":{"line":98,"column":2},"end":{"line":105,"column":3}},"34":{"start":{"line":100,"column":4},"end":{"line":104,"column":7}},"35":{"start":{"line":107,"column":2},"end":{"line":114,"column":3}},"36":{"start":{"line":109,"column":4},"end":{"line":113,"column":7}},"37":{"start":{"line":116,"column":2},"end":{"line":123,"column":3}},"38":{"start":{"line":118,"column":4},"end":{"line":122,"column":7}},"39":{"start":{"line":126,"column":2},"end":{"line":132,"column":3}},"40":{"start":{"line":127,"column":4},"end":{"line":131,"column":7}},"41":{"start":{"line":135,"column":2},"end":{"line":141,"column":3}},"42":{"start":{"line":136,"column":4},"end":{"line":140,"column":7}},"43":{"start":{"line":143,"column":2},"end":{"line":149,"column":3}},"44":{"start":{"line":144,"column":4},"end":{"line":148,"column":7}},"45":{"start":{"line":152,"column":2},"end":{"line":156,"column":5}},"46":{"start":{"line":63,"column":13},"end":{"line":63,"column":28}},"47":{"start":{"line":160,"column":28},"end":{"line":164,"column":1}},"48":{"start":{"line":161,"column":2},"end":{"line":163,"column":4}},"49":{"start":{"line":162,"column":4},"end":{"line":162,"column":52}},"50":{"start":{"line":160,"column":13},"end":{"line":160,"column":28}}},"fnMap":{"0":{"name":"(anonymous_0)","decl":{"start":{"line":10,"column":2},"end":{"line":10,"column":null}},"loc":{"start":{"line":13,"column":42},"end":{"line":18,"column":3}}},"1":{"name":"(anonymous_1)","decl":{"start":{"line":22,"column":2},"end":{"line":22,"column":14}},"loc":{"start":{"line":22,"column":77},"end":{"line":25,"column":3}}},"2":{"name":"(anonymous_2)","decl":{"start":{"line":29,"column":2},"end":{"line":29,"column":14}},"loc":{"start":{"line":29,"column":55},"end":{"line":32,"column":3}}},"3":{"name":"(anonymous_3)","decl":{"start":{"line":36,"column":2},"end":{"line":36,"column":14}},"loc":{"start":{"line":36,"column":47},"end":{"line":39,"column":3}}},"4":{"name":"(anonymous_4)","decl":{"start":{"line":43,"column":2},"end":{"line":43,"column":14}},"loc":{"start":{"line":43,"column":43},"end":{"line":46,"column":3}}},"5":{"name":"(anonymous_5)","decl":{"start":{"line":50,"column":2},"end":{"line":50,"column":14}},"loc":{"start":{"line":50,"column":42},"end":{"line":53,"column":3}}},"6":{"name":"(anonymous_6)","decl":{"start":{"line":57,"column":2},"end":{"line":57,"column":14}},"loc":{"start":{"line":57,"column":51},"end":{"line":60,"column":3}}},"7":{"name":"(anonymous_7)","decl":{"start":{"line":63,"column":28},"end":{"line":63,"column":null}},"loc":{"start":{"line":68,"column":4},"end":{"line":157,"column":1}}},"8":{"name":"(anonymous_8)","decl":{"start":{"line":160,"column":28},"end":{"line":160,"column":29}},"loc":{"start":{"line":160,"column":45},"end":{"line":164,"column":1}}},"9":{"name":"(anonymous_9)","decl":{"start":{"line":161,"column":9},"end":{"line":161,"column":10}},"loc":{"start":{"line":161,"column":61},"end":{"line":163,"column":3}}}},"branchMap":{"0":{"loc":{"start":{"line":11,"column":11},"end":{"line":11,"column":31}},"type":"default-arg","locations":[{"start":{"line":11,"column":28},"end":{"line":11,"column":31}}]},"1":{"loc":{"start":{"line":12,"column":11},"end":{"line":12,"column":52}},"type":"default-arg","locations":[{"start":{"line":12,"column":29},"end":{"line":12,"column":52}}]},"2":{"loc":{"start":{"line":13,"column":11},"end":{"line":13,"column":42}},"type":"default-arg","locations":[{"start":{"line":13,"column":26},"end":{"line":13,"column":42}}]},"3":{"loc":{"start":{"line":22,"column":14},"end":{"line":22,"column":51}},"type":"default-arg","locations":[{"start":{"line":22,"column":32},"end":{"line":22,"column":51}}]},"4":{"loc":{"start":{"line":22,"column":60},"end":{"line":22,"column":77}},"type":"default-arg","locations":[{"start":{"line":22,"column":75},"end":{"line":22,"column":77}}]},"5":{"loc":{"start":{"line":29,"column":14},"end":{"line":29,"column":55}},"type":"default-arg","locations":[{"start":{"line":29,"column":32},"end":{"line":29,"column":55}}]},"6":{"loc":{"start":{"line":36,"column":14},"end":{"line":36,"column":47}},"type":"default-arg","locations":[{"start":{"line":36,"column":32},"end":{"line":36,"column":47}}]},"7":{"loc":{"start":{"line":43,"column":14},"end":{"line":43,"column":43}},"type":"default-arg","locations":[{"start":{"line":43,"column":33},"end":{"line":43,"column":43}}]},"8":{"loc":{"start":{"line":50,"column":14},"end":{"line":50,"column":42}},"type":"default-arg","locations":[{"start":{"line":50,"column":32},"end":{"line":50,"column":42}}]},"9":{"loc":{"start":{"line":57,"column":14},"end":{"line":57,"column":51}},"type":"default-arg","locations":[{"start":{"line":57,"column":32},"end":{"line":57,"column":51}}]},"10":{"loc":{"start":{"line":78,"column":2},"end":{"line":85,"column":3}},"type":"if","locations":[{"start":{"line":78,"column":2},"end":{"line":85,"column":3}},{"start":{},"end":{}}]},"11":{"loc":{"start":{"line":88,"column":2},"end":{"line":95,"column":3}},"type":"if","locations":[{"start":{"line":88,"column":2},"end":{"line":95,"column":3}},{"start":{},"end":{}}]},"12":{"loc":{"start":{"line":93,"column":10},"end":{"line":93,"column":68}},"type":"binary-expr","locations":[{"start":{"line":93,"column":10},"end":{"line":93,"column":40}},{"start":{"line":93,"column":44},"end":{"line":93,"column":68}}]},"13":{"loc":{"start":{"line":98,"column":2},"end":{"line":105,"column":3}},"type":"if","locations":[{"start":{"line":98,"column":2},"end":{"line":105,"column":3}},{"start":{},"end":{}}]},"14":{"loc":{"start":{"line":107,"column":2},"end":{"line":114,"column":3}},"type":"if","locations":[{"start":{"line":107,"column":2},"end":{"line":114,"column":3}},{"start":{},"end":{}}]},"15":{"loc":{"start":{"line":116,"column":2},"end":{"line":123,"column":3}},"type":"if","locations":[{"start":{"line":116,"column":2},"end":{"line":123,"column":3}},{"start":{},"end":{}}]},"16":{"loc":{"start":{"line":126,"column":2},"end":{"line":132,"column":3}},"type":"if","locations":[{"start":{"line":126,"column":2},"end":{"line":132,"column":3}},{"start":{},"end":{}}]},"17":{"loc":{"start":{"line":126,"column":6},"end":{"line":126,"column":85}},"type":"binary-expr","locations":[{"start":{"line":126,"column":6},"end":{"line":126,"column":41}},{"start":{"line":126,"column":46},"end":{"line":126,"column":85}}]},"18":{"loc":{"start":{"line":135,"column":2},"end":{"line":141,"column":3}},"type":"if","locations":[{"start":{"line":135,"column":2},"end":{"line":141,"column":3}},{"start":{},"end":{}}]},"19":{"loc":{"start":{"line":143,"column":2},"end":{"line":149,"column":3}},"type":"if","locations":[{"start":{"line":143,"column":2},"end":{"line":149,"column":3}},{"start":{},"end":{}}]},"20":{"loc":{"start":{"line":155,"column":13},"end":{"line":155,"column":91}},"type":"cond-expr","locations":[{"start":{"line":155,"column":54},"end":{"line":155,"column":65}},{"start":{"line":155,"column":68},"end":{"line":155,"column":91}}]}},"s":{"0":5,"1":50,"2":50,"3":50,"4":50,"5":50,"6":50,"7":5,"8":10,"9":10,"10":10,"11":5,"12":19,"13":19,"14":5,"15":9,"16":9,"17":5,"18":6,"19":6,"20":5,"21":3,"22":3,"23":5,"24":1,"25":1,"26":5,"27":5,"28":48,"29":48,"30":9,"31":39,"32":34,"33":5,"34":1,"35":4,"36":1,"37":3,"38":0,"39":3,"40":1,"41":2,"42":0,"43":2,"44":0,"45":2,"46":5,"47":5,"48":0,"49":0,"50":5},"f":{"0":50,"1":10,"2":19,"3":9,"4":6,"5":3,"6":1,"7":48,"8":0,"9":0},"b":{"0":[1],"1":[1],"2":[1],"3":[0],"4":[6],"5":[1],"6":[1],"7":[0],"8":[1],"9":[1],"10":[9,39],"11":[34,5],"12":[34,9],"13":[1,4],"14":[1,3],"15":[0,3],"16":[1,2],"17":[3,2],"18":[0,2],"19":[0,2],"20":[1,1]}}
,"D:\\zenith\\ticketing-system-build\\backend\\src\\middleware\\logger.ts": {"path":"D:\\zenith\\ticketing-system-build\\backend\\src\\middleware\\logger.ts","statementMap":{"0":{"start":{"line":2,"column":0},"end":{"line":2,"column":36}},"1":{"start":{"line":15,"column":27},"end":{"line":15,"column":29}},"2":{"start":{"line":16,"column":17},"end":{"line":16,"column":21}},"3":{"start":{"line":18,"column":35},"end":{"line":24,"column":1}},"4":{"start":{"line":19,"column":16},"end":{"line":19,"column":55}},"5":{"start":{"line":20,"column":2},"end":{"line":20,"column":38}},"6":{"start":{"line":21,"column":2},"end":{"line":21,"column":39}},"7":{"start":{"line":22,"column":3},"end":{"line":22,"column":33}},"8":{"start":{"line":23,"column":2},"end":{"line":23,"column":9}},"9":{"start":{"line":18,"column":13},"end":{"line":18,"column":35}},"10":{"start":{"line":26,"column":28},"end":{"line":47,"column":1}},"11":{"start":{"line":27,"column":20},"end":{"line":27,"column":60}},"12":{"start":{"line":29,"column":20},"end":{"line":37,"column":3}},"13":{"start":{"line":30,"column":4},"end":{"line":36,"column":7}},"14":{"start":{"line":39,"column":2},"end":{"line":46,"column":4}},"15":{"start":{"line":40,"column":39},"end":{"line":40,"column":80}},"16":{"start":{"line":41,"column":39},"end":{"line":41,"column":81}},"17":{"start":{"line":42,"column":40},"end":{"line":42,"column":84}},"18":{"start":{"line":44,"column":6},"end":{"line":44,"column":94}},"19":{"start":{"line":44,"column":49},"end":{"line":44,"column":94}},"20":{"start":{"line":26,"column":13},"end":{"line":26,"column":28}},"21":{"start":{"line":50,"column":13},"end":{"line":50,"column":37}},"22":{"start":{"line":52,"column":29},"end":{"line":98,"column":1}},"23":{"start":{"line":53,"column":20},"end":{"line":53,"column":30}},"24":{"start":{"line":54,"column":20},"end":{"line":54,"column":37}},"25":{"start":{"line":57,"column":23},"end":{"line":57,"column":31}},"26":{"start":{"line":58,"column":2},"end":{"line":95,"column":4}},"27":{"start":{"line":60,"column":4},"end":{"line":60,"column":28}},"28":{"start":{"line":62,"column":21},"end":{"line":62,"column":43}},"29":{"start":{"line":63,"column":28},"end":{"line":71,"column":6}},"30":{"start":{"line":74,"column":4},"end":{"line":74,"column":19}},"31":{"start":{"line":75,"column":4},"end":{"line":77,"column":5}},"32":{"start":{"line":76,"column":6},"end":{"line":76,"column":19}},"33":{"start":{"line":79,"column":4},"end":{"line":92,"column":5}},"34":{"start":{"line":81,"column":8},"end":{"line":85,"column":24}},"35":{"start":{"line":86,"column":20},"end":{"line":86,"column":29}},"36":{"start":{"line":87,"column":6},"end":{"line":89,"column":8}},"37":{"start":{"line":91,"column":6},"end":{"line":91,"column":42}},"38":{"start":{"line":94,"column":4},"end":{"line":94,"column":26}},"39":{"start":{"line":97,"column":2},"end":{"line":97,"column":9}},"40":{"start":{"line":52,"column":13},"end":{"line":52,"column":29}},"41":{"start":{"line":100,"column":30},"end":{"line":102,"column":1}},"42":{"start":{"line":101,"column":2},"end":{"line":101,"column":14}},"43":{"start":{"line":100,"column":13},"end":{"line":100,"column":30}},"44":{"start":{"line":104,"column":32},"end":{"line":106,"column":1}},"45":{"start":{"line":105,"column":2},"end":{"line":105,"column":18}},"46":{"start":{"line":104,"column":13},"end":{"line":104,"column":32}},"47":{"start":{"line":115,"column":53},"end":{"line":115,"column":55}},"48":{"start":{"line":117,"column":26},"end":{"line":127,"column":1}},"49":{"start":{"line":118,"column":2},"end":{"line":124,"column":3}},"50":{"start":{"line":119,"column":4},"end":{"line":123,"column":6}},"51":{"start":{"line":125,"column":2},"end":{"line":125,"column":29}},"52":{"start":{"line":126,"column":2},"end":{"line":126,"column":63}},"53":{"start":{"line":117,"column":13},"end":{"line":117,"column":26}},"54":{"start":{"line":129,"column":31},"end":{"line":131,"column":1}},"55":{"start":{"line":130,"column":2},"end":{"line":130,"column":37}},"56":{"start":{"line":129,"column":13},"end":{"line":129,"column":31}},"57":{"start":{"line":133,"column":33},"end":{"line":135,"column":1}},"58":{"start":{"line":134,"column":2},"end":{"line":134,"column":71}},"59":{"start":{"line":134,"column":45},"end":{"line":134,"column":69}},"60":{"start":{"line":133,"column":13},"end":{"line":133,"column":33}},"61":{"start":{"line":146,"column":18},"end":{"line":146,"column":28}},"62":{"start":{"line":148,"column":32},"end":{"line":161,"column":1}},"63":{"start":{"line":149,"column":24},"end":{"line":149,"column":35}},"64":{"start":{"line":150,"column":22},"end":{"line":150,"column":86}},"65":{"start":{"line":150,"column":69},"end":{"line":150,"column":82}},"66":{"start":{"line":152,"column":4},"end":{"line":152,"column":84}},"67":{"start":{"line":152,"column":46},"end":{"line":152,"column":62}},"68":{"start":{"line":154,"column":2},"end":{"line":160,"column":4}},"69":{"start":{"line":148,"column":13},"end":{"line":148,"column":32}}},"fnMap":{"0":{"name":"(anonymous_0)","decl":{"start":{"line":18,"column":35},"end":{"line":18,"column":36}},"loc":{"start":{"line":18,"column":87},"end":{"line":24,"column":1}}},"1":{"name":"(anonymous_1)","decl":{"start":{"line":26,"column":28},"end":{"line":26,"column":29}},"loc":{"start":{"line":26,"column":53},"end":{"line":47,"column":1}}},"2":{"name":"(anonymous_2)","decl":{"start":{"line":29,"column":20},"end":{"line":29,"column":21}},"loc":{"start":{"line":29,"column":67},"end":{"line":37,"column":3}}},"3":{"name":"(anonymous_3)","decl":{"start":{"line":40,"column":10},"end":{"line":40,"column":11}},"loc":{"start":{"line":40,"column":39},"end":{"line":40,"column":80}}},"4":{"name":"(anonymous_4)","decl":{"start":{"line":41,"column":10},"end":{"line":41,"column":11}},"loc":{"start":{"line":41,"column":39},"end":{"line":41,"column":81}}},"5":{"name":"(anonymous_5)","decl":{"start":{"line":42,"column":11},"end":{"line":42,"column":12}},"loc":{"start":{"line":42,"column":40},"end":{"line":42,"column":84}}},"6":{"name":"(anonymous_6)","decl":{"start":{"line":43,"column":11},"end":{"line":43,"column":12}},"loc":{"start":{"line":43,"column":39},"end":{"line":45,"column":5}}},"7":{"name":"(anonymous_7)","decl":{"start":{"line":52,"column":29},"end":{"line":52,"column":30}},"loc":{"start":{"line":52,"column":81},"end":{"line":98,"column":1}}},"8":{"name":"(anonymous_8)","decl":{"start":{"line":58,"column":13},"end":{"line":58,"column":23}},"loc":{"start":{"line":58,"column":32},"end":{"line":95,"column":3}}},"9":{"name":"(anonymous_9)","decl":{"start":{"line":100,"column":30},"end":{"line":100,"column":33}},"loc":{"start":{"line":100,"column":35},"end":{"line":102,"column":1}}},"10":{"name":"(anonymous_10)","decl":{"start":{"line":104,"column":32},"end":{"line":104,"column":35}},"loc":{"start":{"line":104,"column":37},"end":{"line":106,"column":1}}},"11":{"name":"(anonymous_11)","decl":{"start":{"line":117,"column":26},"end":{"line":117,"column":27}},"loc":{"start":{"line":117,"column":43},"end":{"line":127,"column":1}}},"12":{"name":"(anonymous_12)","decl":{"start":{"line":129,"column":31},"end":{"line":129,"column":34}},"loc":{"start":{"line":129,"column":36},"end":{"line":131,"column":1}}},"13":{"name":"(anonymous_13)","decl":{"start":{"line":133,"column":33},"end":{"line":133,"column":36}},"loc":{"start":{"line":133,"column":38},"end":{"line":135,"column":1}}},"14":{"name":"(anonymous_14)","decl":{"start":{"line":134,"column":36},"end":{"line":134,"column":37}},"loc":{"start":{"line":134,"column":45},"end":{"line":134,"column":69}}},"15":{"name":"(anonymous_15)","decl":{"start":{"line":148,"column":32},"end":{"line":148,"column":50}},"loc":{"start":{"line":148,"column":52},"end":{"line":161,"column":1}}},"16":{"name":"(anonymous_16)","decl":{"start":{"line":150,"column":57},"end":{"line":150,"column":58}},"loc":{"start":{"line":150,"column":69},"end":{"line":150,"column":82}}},"17":{"name":"(anonymous_17)","decl":{"start":{"line":152,"column":34},"end":{"line":152,"column":35}},"loc":{"start":{"line":152,"column":46},"end":{"line":152,"column":62}}}},"branchMap":{"0":{"loc":{"start":{"line":19,"column":16},"end":{"line":19,"column":55}},"type":"binary-expr","locations":[{"start":{"line":19,"column":16},"end":{"line":19,"column":43}},{"start":{"line":19,"column":47},"end":{"line":19,"column":55}}]},"1":{"loc":{"start":{"line":27,"column":20},"end":{"line":27,"column":60}},"type":"cond-expr","locations":[{"start":{"line":27,"column":27},"end":{"line":27,"column":48}},{"start":{"line":27,"column":51},"end":{"line":27,"column":60}}]},"2":{"loc":{"start":{"line":35,"column":10},"end":{"line":35,"column":26}},"type":"binary-expr","locations":[{"start":{"line":35,"column":10},"end":{"line":35,"column":14}},{"start":{"line":35,"column":18},"end":{"line":35,"column":26}}]},"3":{"loc":{"start":{"line":44,"column":6},"end":{"line":44,"column":94}},"type":"if","locations":[{"start":{"line":44,"column":6},"end":{"line":44,"column":94}},{"start":{},"end":{}}]},"4":{"loc":{"start":{"line":69,"column":10},"end":{"line":69,"column":57}},"type":"binary-expr","locations":[{"start":{"line":69,"column":10},"end":{"line":69,"column":16}},{"start":{"line":69,"column":20},"end":{"line":69,"column":44}},{"start":{"line":69,"column":48},"end":{"line":69,"column":57}}]},"5":{"loc":{"start":{"line":75,"column":4},"end":{"line":77,"column":5}},"type":"if","locations":[{"start":{"line":75,"column":4},"end":{"line":77,"column":5}},{"start":{},"end":{}}]},"6":{"loc":{"start":{"line":79,"column":4},"end":{"line":92,"column":5}},"type":"if","locations":[{"start":{"line":79,"column":4},"end":{"line":92,"column":5}},{"start":{"line":90,"column":11},"end":{"line":92,"column":5}}]},"7":{"loc":{"start":{"line":81,"column":8},"end":{"line":85,"column":24}},"type":"cond-expr","locations":[{"start":{"line":82,"column":12},"end":{"line":82,"column":22}},{"start":{"line":83,"column":12},"end":{"line":85,"column":24}}]},"8":{"loc":{"start":{"line":83,"column":12},"end":{"line":85,"column":24}},"type":"cond-expr","locations":[{"start":{"line":84,"column":14},"end":{"line":84,"column":24}},{"start":{"line":85,"column":14},"end":{"line":85,"column":24}}]},"9":{"loc":{"start":{"line":118,"column":2},"end":{"line":124,"column":3}},"type":"if","locations":[{"start":{"line":118,"column":2},"end":{"line":124,"column":3}},{"start":{},"end":{}}]},"10":{"loc":{"start":{"line":152,"column":4},"end":{"line":152,"column":84}},"type":"cond-expr","locations":[{"start":{"line":152,"column":22},"end":{"line":152,"column":80}},{"start":{"line":152,"column":83},"end":{"line":152,"column":84}}]}},"s":{"0":3,"1":3,"2":3,"3":3,"4":63,"5":63,"6":63,"7":63,"8":63,"9":3,"10":3,"11":66,"12":66,"13":63,"14":66,"15":63,"16":0,"17":0,"18":0,"19":0,"20":3,"21":3,"22":3,"23":63,"24":63,"25":63,"26":63,"27":63,"28":63,"29":63,"30":63,"31":63,"32":0,"33":63,"34":0,"35":0,"36":0,"37":63,"38":63,"39":63,"40":3,"41":3,"42":0,"43":3,"44":3,"45":0,"46":3,"47":3,"48":3,"49":0,"50":0,"51":0,"52":0,"53":3,"54":3,"55":0,"56":3,"57":3,"58":0,"59":0,"60":3,"61":3,"62":3,"63":0,"64":0,"65":0,"66":0,"67":0,"68":0,"69":3},"f":{"0":63,"1":66,"2":63,"3":63,"4":0,"5":0,"6":0,"7":63,"8":63,"9":0,"10":0,"11":0,"12":0,"13":0,"14":0,"15":0,"16":0,"17":0},"b":{"0":[63,63],"1":[63,3],"2":[63,63],"3":[0,0],"4":[63,0,0],"5":[0,63],"6":[0,63],"7":[0,0],"8":[0,0],"9":[0,0],"10":[0,0]}}
,"D:\\zenith\\ticketing-system-build\\backend\\src\\middleware\\rateLimiter.ts": {"path":"D:\\zenith\\ticketing-system-build\\backend\\src\\middleware\\rateLimiter.ts","statementMap":{"0":{"start":{"line":2,"column":0},"end":{"line":2,"column":48}},"1":{"start":{"line":8,"column":30},"end":{"line":8,"column":32}},"2":{"start":{"line":17,"column":28},"end":{"line":19,"column":1}},"3":{"start":{"line":18,"column":2},"end":{"line":18,"column":57}},"4":{"start":{"line":21,"column":33},"end":{"line":52,"column":1}},"5":{"start":{"line":22,"column":81},"end":{"line":22,"column":87}},"6":{"start":{"line":24,"column":2},"end":{"line":51,"column":4}},"7":{"start":{"line":25,"column":16},"end":{"line":25,"column":33}},"8":{"start":{"line":26,"column":16},"end":{"line":26,"column":26}},"9":{"start":{"line":29,"column":4},"end":{"line":31,"column":5}},"10":{"start":{"line":30,"column":6},"end":{"line":30,"column":59}},"11":{"start":{"line":33,"column":4},"end":{"line":33,"column":23}},"12":{"start":{"line":36,"column":22},"end":{"line":36,"column":65}},"13":{"start":{"line":37,"column":22},"end":{"line":37,"column":68}},"14":{"start":{"line":39,"column":4},"end":{"line":39,"column":52}},"15":{"start":{"line":40,"column":4},"end":{"line":40,"column":54}},"16":{"start":{"line":41,"column":4},"end":{"line":41,"column":50}},"17":{"start":{"line":43,"column":4},"end":{"line":48,"column":5}},"18":{"start":{"line":44,"column":6},"end":{"line":46,"column":7}},"19":{"start":{"line":45,"column":8},"end":{"line":45,"column":39}},"20":{"start":{"line":47,"column":6},"end":{"line":47,"column":96}},"21":{"start":{"line":50,"column":4},"end":{"line":50,"column":11}},"22":{"start":{"line":21,"column":13},"end":{"line":21,"column":33}},"23":{"start":{"line":55,"column":13},"end":{"line":58,"column":3}},"24":{"start":{"line":60,"column":13},"end":{"line":63,"column":3}},"25":{"start":{"line":65,"column":13},"end":{"line":68,"column":3}},"26":{"start":{"line":71,"column":0},"end":{"line":78,"column":19}},"27":{"start":{"line":72,"column":14},"end":{"line":72,"column":24}},"28":{"start":{"line":73,"column":2},"end":{"line":77,"column":3}},"29":{"start":{"line":74,"column":4},"end":{"line":76,"column":5}},"30":{"start":{"line":75,"column":6},"end":{"line":75,"column":24}}},"fnMap":{"0":{"name":"(anonymous_0)","decl":{"start":{"line":17,"column":28},"end":{"line":17,"column":29}},"loc":{"start":{"line":17,"column":53},"end":{"line":19,"column":1}}},"1":{"name":"(anonymous_1)","decl":{"start":{"line":21,"column":33},"end":{"line":21,"column":34}},"loc":{"start":{"line":21,"column":61},"end":{"line":52,"column":1}}},"2":{"name":"(anonymous_2)","decl":{"start":{"line":24,"column":9},"end":{"line":24,"column":10}},"loc":{"start":{"line":24,"column":61},"end":{"line":51,"column":3}}},"3":{"name":"(anonymous_3)","decl":{"start":{"line":71,"column":12},"end":{"line":71,"column":15}},"loc":{"start":{"line":71,"column":17},"end":{"line":78,"column":1}}}},"branchMap":{"0":{"loc":{"start":{"line":18,"column":9},"end":{"line":18,"column":56}},"type":"binary-expr","locations":[{"start":{"line":18,"column":9},"end":{"line":18,"column":15}},{"start":{"line":18,"column":19},"end":{"line":18,"column":43}},{"start":{"line":18,"column":47},"end":{"line":18,"column":56}}]},"1":{"loc":{"start":{"line":22,"column":33},"end":{"line":22,"column":67}},"type":"default-arg","locations":[{"start":{"line":22,"column":48},"end":{"line":22,"column":67}}]},"2":{"loc":{"start":{"line":29,"column":4},"end":{"line":31,"column":5}},"type":"if","locations":[{"start":{"line":29,"column":4},"end":{"line":31,"column":5}},{"start":{},"end":{}}]},"3":{"loc":{"start":{"line":29,"column":8},"end":{"line":29,"column":49}},"type":"binary-expr","locations":[{"start":{"line":29,"column":8},"end":{"line":29,"column":19}},{"start":{"line":29,"column":23},"end":{"line":29,"column":49}}]},"4":{"loc":{"start":{"line":43,"column":4},"end":{"line":48,"column":5}},"type":"if","locations":[{"start":{"line":43,"column":4},"end":{"line":48,"column":5}},{"start":{},"end":{}}]},"5":{"loc":{"start":{"line":44,"column":6},"end":{"line":46,"column":7}},"type":"if","locations":[{"start":{"line":44,"column":6},"end":{"line":46,"column":7}},{"start":{},"end":{}}]},"6":{"loc":{"start":{"line":74,"column":4},"end":{"line":76,"column":5}},"type":"if","locations":[{"start":{"line":74,"column":4},"end":{"line":76,"column":5}},{"start":{},"end":{}}]}},"s":{"0":3,"1":3,"2":3,"3":0,"4":3,"5":9,"6":9,"7":0,"8":0,"9":0,"10":0,"11":0,"12":0,"13":0,"14":0,"15":0,"16":0,"17":0,"18":0,"19":0,"20":0,"21":0,"22":3,"23":3,"24":3,"25":3,"26":3,"27":0,"28":0,"29":0,"30":0},"f":{"0":0,"1":9,"2":0,"3":0},"b":{"0":[0,0,0],"1":[9],"2":[0,0],"3":[0,0],"4":[0,0],"5":[0,0],"6":[0,0]}}
,"D:\\zenith\\ticketing-system-build\\backend\\src\\permissions\\orgPermissions.ts": {"path":"D:\\zenith\\ticketing-system-build\\backend\\src\\permissions\\orgPermissions.ts","statementMap":{"0":{"start":{"line":1,"column":13},"end":{"line":5,"column":11}},"1":{"start":{"line":10,"column":59},"end":{"line":17,"column":2}},"2":{"start":{"line":19,"column":32},"end":{"line":23,"column":1}},"3":{"start":{"line":20,"column":2},"end":{"line":20,"column":39}},"4":{"start":{"line":20,"column":24},"end":{"line":20,"column":39}},"5":{"start":{"line":21,"column":2},"end":{"line":21,"column":58}},"6":{"start":{"line":21,"column":44},"end":{"line":21,"column":58}},"7":{"start":{"line":22,"column":2},"end":{"line":22,"column":14}},"8":{"start":{"line":19,"column":13},"end":{"line":19,"column":32}},"9":{"start":{"line":25,"column":33},"end":{"line":29,"column":1}},"10":{"start":{"line":26,"column":25},"end":{"line":26,"column":47}},"11":{"start":{"line":27,"column":2},"end":{"line":27,"column":36}},"12":{"start":{"line":27,"column":23},"end":{"line":27,"column":36}},"13":{"start":{"line":28,"column":2},"end":{"line":28,"column":63}},"14":{"start":{"line":25,"column":13},"end":{"line":25,"column":33}},"15":{"start":{"line":31,"column":28},"end":{"line":40,"column":1}},"16":{"start":{"line":32,"column":25},"end":{"line":32,"column":57}},"17":{"start":{"line":34,"column":2},"end":{"line":39,"column":4}},"18":{"start":{"line":31,"column":13},"end":{"line":31,"column":28}}},"fnMap":{"0":{"name":"(anonymous_0)","decl":{"start":{"line":19,"column":32},"end":{"line":19,"column":33}},"loc":{"start":{"line":19,"column":65},"end":{"line":23,"column":1}}},"1":{"name":"(anonymous_1)","decl":{"start":{"line":25,"column":33},"end":{"line":25,"column":34}},"loc":{"start":{"line":25,"column":86},"end":{"line":29,"column":1}}},"2":{"name":"(anonymous_2)","decl":{"start":{"line":31,"column":28},"end":{"line":31,"column":29}},"loc":{"start":{"line":31,"column":45},"end":{"line":40,"column":1}}}},"branchMap":{"0":{"loc":{"start":{"line":20,"column":2},"end":{"line":20,"column":39}},"type":"if","locations":[{"start":{"line":20,"column":2},"end":{"line":20,"column":39}},{"start":{},"end":{}}]},"1":{"loc":{"start":{"line":21,"column":2},"end":{"line":21,"column":58}},"type":"if","locations":[{"start":{"line":21,"column":2},"end":{"line":21,"column":58}},{"start":{},"end":{}}]},"2":{"loc":{"start":{"line":21,"column":6},"end":{"line":21,"column":42}},"type":"binary-expr","locations":[{"start":{"line":21,"column":6},"end":{"line":21,"column":21}},{"start":{"line":21,"column":25},"end":{"line":21,"column":42}}]},"3":{"loc":{"start":{"line":27,"column":2},"end":{"line":27,"column":36}},"type":"if","locations":[{"start":{"line":27,"column":2},"end":{"line":27,"column":36}},{"start":{},"end":{}}]},"4":{"loc":{"start":{"line":32,"column":25},"end":{"line":32,"column":57}},"type":"binary-expr","locations":[{"start":{"line":32,"column":25},"end":{"line":32,"column":47}},{"start":{"line":32,"column":51},"end":{"line":32,"column":57}}]}},"s":{"0":4,"1":4,"2":4,"3":32,"4":14,"5":18,"6":18,"7":0,"8":4,"9":4,"10":28,"11":28,"12":0,"13":28,"14":4,"15":4,"16":4,"17":4,"18":4},"f":{"0":32,"1":28,"2":4},"b":{"0":[14,18],"1":[18,0],"2":[18,1],"3":[0,28],"4":[4,0]}}
,"D:\\zenith\\ticketing-system-build\\backend\\src\\routes\\auth.ts": {"path":"D:\\zenith\\ticketing-system-build\\backend\\src\\routes\\auth.ts","statementMap":{"0":{"start":{"line":1,"column":0},"end":{"line":1,"column":68}},"1":{"start":{"line":2,"column":0},"end":{"line":2,"column":68}},"2":{"start":{"line":3,"column":0},"end":{"line":3,"column":55}},"3":{"start":{"line":4,"column":0},"end":{"line":4,"column":84}},"4":{"start":{"line":5,"column":0},"end":{"line":5,"column":106}},"5":{"start":{"line":7,"column":30},"end":{"line":7,"column":38}},"6":{"start":{"line":10,"column":0},"end":{"line":25,"column":3}},"7":{"start":{"line":11,"column":2},"end":{"line":24,"column":3}},"8":{"start":{"line":12,"column":55},"end":{"line":12,"column":63}},"9":{"start":{"line":15,"column":29},"end":{"line":15,"column":97}},"10":{"start":{"line":16,"column":4},"end":{"line":18,"column":5}},"11":{"start":{"line":17,"column":6},"end":{"line":17,"column":54}},"12":{"start":{"line":20,"column":17},"end":{"line":20,"column":68}},"13":{"start":{"line":21,"column":4},"end":{"line":21,"column":50}},"14":{"start":{"line":23,"column":4},"end":{"line":23,"column":16}},"15":{"start":{"line":28,"column":0},"end":{"line":45,"column":3}},"16":{"start":{"line":29,"column":2},"end":{"line":44,"column":3}},"17":{"start":{"line":30,"column":32},"end":{"line":30,"column":40}},"18":{"start":{"line":32,"column":4},"end":{"line":34,"column":5}},"19":{"start":{"line":33,"column":6},"end":{"line":33,"column":78}},"20":{"start":{"line":36,"column":4},"end":{"line":38,"column":5}},"21":{"start":{"line":37,"column":6},"end":{"line":37,"column":84}},"22":{"start":{"line":40,"column":28},"end":{"line":40,"column":100}},"23":{"start":{"line":41,"column":4},"end":{"line":41,"column":45}},"24":{"start":{"line":43,"column":4},"end":{"line":43,"column":16}},"25":{"start":{"line":48,"column":0},"end":{"line":62,"column":3}},"26":{"start":{"line":49,"column":2},"end":{"line":61,"column":3}},"27":{"start":{"line":50,"column":4},"end":{"line":52,"column":5}},"28":{"start":{"line":51,"column":6},"end":{"line":51,"column":52}},"29":{"start":{"line":54,"column":17},"end":{"line":54,"column":59}},"30":{"start":{"line":55,"column":4},"end":{"line":58,"column":7}},"31":{"start":{"line":60,"column":4},"end":{"line":60,"column":16}},"32":{"start":{"line":65,"column":0},"end":{"line":82,"column":3}},"33":{"start":{"line":66,"column":2},"end":{"line":81,"column":3}},"34":{"start":{"line":67,"column":22},"end":{"line":67,"column":30}},"35":{"start":{"line":69,"column":4},"end":{"line":71,"column":5}},"36":{"start":{"line":70,"column":6},"end":{"line":70,"column":78}},"37":{"start":{"line":73,"column":17},"end":{"line":73,"column":58}},"38":{"start":{"line":74,"column":4},"end":{"line":78,"column":7}},"39":{"start":{"line":80,"column":4},"end":{"line":80,"column":16}},"40":{"start":{"line":84,"column":0},"end":{"line":84,"column":22}}},"fnMap":{"0":{"name":"(anonymous_9)","decl":{"start":{"line":10,"column":25},"end":{"line":10,"column":30}},"loc":{"start":{"line":10,"column":78},"end":{"line":25,"column":1}}},"1":{"name":"(anonymous_10)","decl":{"start":{"line":28,"column":22},"end":{"line":28,"column":27}},"loc":{"start":{"line":28,"column":75},"end":{"line":45,"column":1}}},"2":{"name":"(anonymous_11)","decl":{"start":{"line":48,"column":37},"end":{"line":48,"column":42}},"loc":{"start":{"line":48,"column":90},"end":{"line":62,"column":1}}},"3":{"name":"(anonymous_12)","decl":{"start":{"line":65,"column":23},"end":{"line":65,"column":28}},"loc":{"start":{"line":65,"column":76},"end":{"line":82,"column":1}}}},"branchMap":{"0":{"loc":{"start":{"line":16,"column":4},"end":{"line":18,"column":5}},"type":"if","locations":[{"start":{"line":16,"column":4},"end":{"line":18,"column":5}},{"start":{},"end":{}}]},"1":{"loc":{"start":{"line":32,"column":4},"end":{"line":34,"column":5}},"type":"if","locations":[{"start":{"line":32,"column":4},"end":{"line":34,"column":5}},{"start":{},"end":{}}]},"2":{"loc":{"start":{"line":32,"column":8},"end":{"line":32,"column":72}},"type":"binary-expr","locations":[{"start":{"line":32,"column":8},"end":{"line":32,"column":14}},{"start":{"line":32,"column":18},"end":{"line":32,"column":43}},{"start":{"line":32,"column":47},"end":{"line":32,"column":72}}]},"3":{"loc":{"start":{"line":36,"column":4},"end":{"line":38,"column":5}},"type":"if","locations":[{"start":{"line":36,"column":4},"end":{"line":38,"column":5}},{"start":{},"end":{}}]},"4":{"loc":{"start":{"line":36,"column":8},"end":{"line":36,"column":74}},"type":"binary-expr","locations":[{"start":{"line":36,"column":8},"end":{"line":36,"column":17}},{"start":{"line":36,"column":21},"end":{"line":36,"column":49}},{"start":{"line":36,"column":53},"end":{"line":36,"column":74}}]},"5":{"loc":{"start":{"line":50,"column":4},"end":{"line":52,"column":5}},"type":"if","locations":[{"start":{"line":50,"column":4},"end":{"line":52,"column":5}},{"start":{},"end":{}}]},"6":{"loc":{"start":{"line":69,"column":4},"end":{"line":71,"column":5}},"type":"if","locations":[{"start":{"line":69,"column":4},"end":{"line":71,"column":5}},{"start":{},"end":{}}]},"7":{"loc":{"start":{"line":69,"column":8},"end":{"line":69,"column":43}},"type":"binary-expr","locations":[{"start":{"line":69,"column":8},"end":{"line":69,"column":14}},{"start":{"line":69,"column":18},"end":{"line":69,"column":43}}]}},"s":{"0":3,"1":3,"2":3,"3":3,"4":3,"5":3,"6":3,"7":7,"8":7,"9":7,"10":7,"11":5,"12":2,"13":1,"14":6,"15":3,"16":8,"17":8,"18":8,"19":1,"20":7,"21":1,"22":6,"23":3,"24":5,"25":3,"26":1,"27":1,"28":0,"29":1,"30":1,"31":0,"32":3,"33":3,"34":3,"35":3,"36":1,"37":2,"38":1,"39":2,"40":3},"f":{"0":7,"1":8,"2":1,"3":3},"b":{"0":[5,2],"1":[1,7],"2":[8,7,7],"3":[1,6],"4":[7,6,6],"5":[0,1],"6":[1,2],"7":[3,2]}}
,"D:\\zenith\\ticketing-system-build\\backend\\src\\routes\\organizations.ts": {"path":"D:\\zenith\\ticketing-system-build\\backend\\src\\routes\\organizations.ts","statementMap":{"0":{"start":{"line":1,"column":0},"end":{"line":1,"column":68}},"1":{"start":{"line":2,"column":0},"end":{"line":2,"column":90}},"2":{"start":{"line":3,"column":0},"end":{"line":3,"column":53}},"3":{"start":{"line":4,"column":0},"end":{"line":4,"column":78}},"4":{"start":{"line":5,"column":0},"end":{"line":5,"column":67}},"5":{"start":{"line":6,"column":0},"end":{"line":6,"column":85}},"6":{"start":{"line":8,"column":30},"end":{"line":8,"column":38}},"7":{"start":{"line":10,"column":22},"end":{"line":10,"column":75}},"8":{"start":{"line":10,"column":41},"end":{"line":10,"column":74}},"9":{"start":{"line":13,"column":0},"end":{"line":26,"column":3}},"10":{"start":{"line":14,"column":2},"end":{"line":16,"column":3}},"11":{"start":{"line":15,"column":4},"end":{"line":15,"column":59}},"12":{"start":{"line":18,"column":19},"end":{"line":18,"column":27}},"13":{"start":{"line":20,"column":2},"end":{"line":22,"column":3}},"14":{"start":{"line":21,"column":4},"end":{"line":21,"column":93}},"15":{"start":{"line":24,"column":14},"end":{"line":24,"column":68}},"16":{"start":{"line":25,"column":2},"end":{"line":25,"column":28}},"17":{"start":{"line":29,"column":0},"end":{"line":36,"column":3}},"18":{"start":{"line":30,"column":2},"end":{"line":32,"column":3}},"19":{"start":{"line":31,"column":4},"end":{"line":31,"column":59}},"20":{"start":{"line":34,"column":15},"end":{"line":34,"column":65}},"21":{"start":{"line":35,"column":2},"end":{"line":35,"column":17}},"22":{"start":{"line":39,"column":0},"end":{"line":50,"column":2}},"23":{"start":{"line":44,"column":23},"end":{"line":44,"column":33}},"24":{"start":{"line":45,"column":20},"end":{"line":45,"column":67}},"25":{"start":{"line":46,"column":19},"end":{"line":46,"column":61}},"26":{"start":{"line":48,"column":4},"end":{"line":48,"column":34}},"27":{"start":{"line":53,"column":0},"end":{"line":88,"column":2}},"28":{"start":{"line":58,"column":23},"end":{"line":58,"column":33}},"29":{"start":{"line":59,"column":53},"end":{"line":59,"column":61}},"30":{"start":{"line":61,"column":4},"end":{"line":63,"column":5}},"31":{"start":{"line":62,"column":6},"end":{"line":62,"column":61}},"32":{"start":{"line":65,"column":4},"end":{"line":67,"column":5}},"33":{"start":{"line":66,"column":6},"end":{"line":66,"column":57}},"34":{"start":{"line":69,"column":4},"end":{"line":71,"column":5}},"35":{"start":{"line":70,"column":6},"end":{"line":70,"column":82}},"36":{"start":{"line":73,"column":27},"end":{"line":73,"column":46}},"37":{"start":{"line":74,"column":4},"end":{"line":76,"column":5}},"38":{"start":{"line":75,"column":6},"end":{"line":75,"column":76}},"39":{"start":{"line":78,"column":19},"end":{"line":83,"column":null}},"40":{"start":{"line":86,"column":4},"end":{"line":86,"column":52}},"41":{"start":{"line":91,"column":0},"end":{"line":105,"column":2}},"42":{"start":{"line":96,"column":32},"end":{"line":96,"column":42}},"43":{"start":{"line":98,"column":4},"end":{"line":100,"column":5}},"44":{"start":{"line":99,"column":6},"end":{"line":99,"column":61}},"45":{"start":{"line":102,"column":4},"end":{"line":102,"column":78}},"46":{"start":{"line":103,"column":4},"end":{"line":103,"column":32}},"47":{"start":{"line":107,"column":0},"end":{"line":107,"column":22}}},"fnMap":{"0":{"name":"(anonymous_9)","decl":{"start":{"line":10,"column":22},"end":{"line":10,"column":23}},"loc":{"start":{"line":10,"column":41},"end":{"line":10,"column":74}}},"1":{"name":"(anonymous_10)","decl":{"start":{"line":13,"column":36},"end":{"line":13,"column":41}},"loc":{"start":{"line":13,"column":78},"end":{"line":26,"column":1}}},"2":{"name":"(anonymous_11)","decl":{"start":{"line":29,"column":35},"end":{"line":29,"column":40}},"loc":{"start":{"line":29,"column":77},"end":{"line":36,"column":1}}},"3":{"name":"(anonymous_12)","decl":{"start":{"line":43,"column":2},"end":{"line":43,"column":7}},"loc":{"start":{"line":43,"column":44},"end":{"line":49,"column":3}}},"4":{"name":"(anonymous_13)","decl":{"start":{"line":57,"column":2},"end":{"line":57,"column":7}},"loc":{"start":{"line":57,"column":44},"end":{"line":87,"column":3}}},"5":{"name":"(anonymous_14)","decl":{"start":{"line":95,"column":2},"end":{"line":95,"column":7}},"loc":{"start":{"line":95,"column":44},"end":{"line":104,"column":3}}}},"branchMap":{"0":{"loc":{"start":{"line":10,"column":41},"end":{"line":10,"column":74}},"type":"cond-expr","locations":[{"start":{"line":10,"column":61},"end":{"line":10,"column":67}},{"start":{"line":10,"column":70},"end":{"line":10,"column":74}}]},"1":{"loc":{"start":{"line":14,"column":2},"end":{"line":16,"column":3}},"type":"if","locations":[{"start":{"line":14,"column":2},"end":{"line":16,"column":3}},{"start":{},"end":{}}]},"2":{"loc":{"start":{"line":20,"column":2},"end":{"line":22,"column":3}},"type":"if","locations":[{"start":{"line":20,"column":2},"end":{"line":22,"column":3}},{"start":{},"end":{}}]},"3":{"loc":{"start":{"line":20,"column":6},"end":{"line":20,"column":36}},"type":"binary-expr","locations":[{"start":{"line":20,"column":6},"end":{"line":20,"column":11}},{"start":{"line":20,"column":15},"end":{"line":20,"column":36}}]},"4":{"loc":{"start":{"line":30,"column":2},"end":{"line":32,"column":3}},"type":"if","locations":[{"start":{"line":30,"column":2},"end":{"line":32,"column":3}},{"start":{},"end":{}}]},"5":{"loc":{"start":{"line":46,"column":32},"end":{"line":46,"column":60}},"type":"binary-expr","locations":[{"start":{"line":46,"column":32},"end":{"line":46,"column":50}},{"start":{"line":46,"column":54},"end":{"line":46,"column":60}}]},"6":{"loc":{"start":{"line":59,"column":35},"end":{"line":59,"column":48}},"type":"default-arg","locations":[{"start":{"line":59,"column":42},"end":{"line":59,"column":48}}]},"7":{"loc":{"start":{"line":61,"column":4},"end":{"line":63,"column":5}},"type":"if","locations":[{"start":{"line":61,"column":4},"end":{"line":63,"column":5}},{"start":{},"end":{}}]},"8":{"loc":{"start":{"line":61,"column":8},"end":{"line":61,"column":38}},"type":"binary-expr","locations":[{"start":{"line":61,"column":8},"end":{"line":61,"column":14}},{"start":{"line":61,"column":18},"end":{"line":61,"column":38}}]},"9":{"loc":{"start":{"line":65,"column":4},"end":{"line":67,"column":5}},"type":"if","locations":[{"start":{"line":65,"column":4},"end":{"line":67,"column":5}},{"start":{},"end":{}}]},"10":{"loc":{"start":{"line":65,"column":8},"end":{"line":65,"column":29}},"type":"binary-expr","locations":[{"start":{"line":65,"column":8},"end":{"line":65,"column":13}},{"start":{"line":65,"column":17},"end":{"line":65,"column":29}}]},"11":{"loc":{"start":{"line":69,"column":4},"end":{"line":71,"column":5}},"type":"if","locations":[{"start":{"line":69,"column":4},"end":{"line":71,"column":5}},{"start":{},"end":{}}]},"12":{"loc":{"start":{"line":74,"column":4},"end":{"line":76,"column":5}},"type":"if","locations":[{"start":{"line":74,"column":4},"end":{"line":76,"column":5}},{"start":{},"end":{}}]},"13":{"loc":{"start":{"line":98,"column":4},"end":{"line":100,"column":5}},"type":"if","locations":[{"start":{"line":98,"column":4},"end":{"line":100,"column":5}},{"start":{},"end":{}}]}},"s":{"0":3,"1":3,"2":3,"3":3,"4":3,"5":3,"6":3,"7":3,"8":1,"9":3,"10":3,"11":0,"12":3,"13":3,"14":2,"15":1,"16":1,"17":3,"18":2,"19":0,"20":2,"21":2,"22":3,"23":2,"24":2,"25":2,"26":2,"27":3,"28":3,"29":3,"30":3,"31":1,"32":2,"33":0,"34":2,"35":1,"36":1,"37":1,"38":0,"39":1,"40":1,"41":3,"42":3,"43":3,"44":0,"45":3,"46":1,"47":3},"f":{"0":1,"1":3,"2":2,"3":2,"4":3,"5":3},"b":{"0":[0,1],"1":[0,3],"2":[2,1],"3":[3,2],"4":[0,2],"5":[2,0],"6":[0],"7":[1,2],"8":[3,3],"9":[0,2],"10":[2,2],"11":[1,1],"12":[0,1],"13":[0,3]}}
,"D:\\zenith\\ticketing-system-build\\backend\\src\\routes\\tickets.ts": {"path":"D:\\zenith\\ticketing-system-build\\backend\\src\\routes\\tickets.ts","statementMap":{"0":{"start":{"line":1,"column":0},"end":{"line":1,"column":68}},"1":{"start":{"line":2,"column":0},"end":{"line":2,"column":68}},"2":{"start":{"line":3,"column":0},"end":{"line":3,"column":59}},"3":{"start":{"line":4,"column":0},"end":{"line":4,"column":57}},"4":{"start":{"line":5,"column":0},"end":{"line":5,"column":30}},"5":{"start":{"line":6,"column":0},"end":{"line":6,"column":146}},"6":{"start":{"line":7,"column":0},"end":{"line":7,"column":100}},"7":{"start":{"line":8,"column":0},"end":{"line":8,"column":74}},"8":{"start":{"line":10,"column":30},"end":{"line":10,"column":38}},"9":{"start":{"line":13,"column":27},"end":{"line":39,"column":1}},"10":{"start":{"line":14,"column":2},"end":{"line":38,"column":3}},"11":{"start":{"line":15,"column":23},"end":{"line":15,"column":33}},"12":{"start":{"line":17,"column":4},"end":{"line":19,"column":5}},"13":{"start":{"line":18,"column":6},"end":{"line":18,"column":52}},"14":{"start":{"line":21,"column":4},"end":{"line":23,"column":5}},"15":{"start":{"line":22,"column":6},"end":{"line":22,"column":46}},"16":{"start":{"line":25,"column":19},"end":{"line":27,"column":null}},"17":{"start":{"line":30,"column":4},"end":{"line":32,"column":5}},"18":{"start":{"line":31,"column":6},"end":{"line":31,"column":52}},"19":{"start":{"line":34,"column":4},"end":{"line":34,"column":44}},"20":{"start":{"line":35,"column":4},"end":{"line":35,"column":11}},"21":{"start":{"line":37,"column":4},"end":{"line":37,"column":16}},"22":{"start":{"line":42,"column":0},"end":{"line":81,"column":3}},"23":{"start":{"line":43,"column":2},"end":{"line":80,"column":3}},"24":{"start":{"line":44,"column":23},"end":{"line":44,"column":33}},"25":{"start":{"line":45,"column":45},"end":{"line":45,"column":53}},"26":{"start":{"line":48,"column":29},"end":{"line":48,"column":85}},"27":{"start":{"line":49,"column":4},"end":{"line":51,"column":5}},"28":{"start":{"line":50,"column":6},"end":{"line":50,"column":54}},"29":{"start":{"line":53,"column":19},"end":{"line":53,"column":121}},"30":{"start":{"line":56,"column":4},"end":{"line":75,"column":5}},"31":{"start":{"line":57,"column":28},"end":{"line":61,"column":null}},"32":{"start":{"line":64,"column":28},"end":{"line":64,"column":95}},"33":{"start":{"line":65,"column":26},"end":{"line":65,"column":66}},"34":{"start":{"line":67,"column":6},"end":{"line":71,"column":7}},"35":{"start":{"line":68,"column":8},"end":{"line":70,"column":11}},"36":{"start":{"line":69,"column":10},"end":{"line":69,"column":72}},"37":{"start":{"line":73,"column":6},"end":{"line":73,"column":75}},"38":{"start":{"line":77,"column":4},"end":{"line":77,"column":52}},"39":{"start":{"line":79,"column":4},"end":{"line":79,"column":16}},"40":{"start":{"line":84,"column":0},"end":{"line":101,"column":3}},"41":{"start":{"line":85,"column":21},"end":{"line":85,"column":31}},"42":{"start":{"line":86,"column":56},"end":{"line":86,"column":65}},"43":{"start":{"line":88,"column":23},"end":{"line":88,"column":25}},"44":{"start":{"line":89,"column":2},"end":{"line":89,"column":38}},"45":{"start":{"line":89,"column":14},"end":{"line":89,"column":38}},"46":{"start":{"line":90,"column":2},"end":{"line":90,"column":44}},"47":{"start":{"line":90,"column":16},"end":{"line":90,"column":44}},"48":{"start":{"line":91,"column":2},"end":{"line":91,"column":50}},"49":{"start":{"line":91,"column":18},"end":{"line":91,"column":50}},"50":{"start":{"line":93,"column":21},"end":{"line":93,"column":62}},"51":{"start":{"line":94,"column":2},"end":{"line":97,"column":3}},"52":{"start":{"line":95,"column":4},"end":{"line":95,"column":37}},"53":{"start":{"line":96,"column":4},"end":{"line":96,"column":62}},"54":{"start":{"line":99,"column":18},"end":{"line":99,"column":68}},"55":{"start":{"line":100,"column":2},"end":{"line":100,"column":20}},"56":{"start":{"line":104,"column":0},"end":{"line":108,"column":3}},"57":{"start":{"line":105,"column":32},"end":{"line":105,"column":42}},"58":{"start":{"line":106,"column":17},"end":{"line":106,"column":69}},"59":{"start":{"line":107,"column":2},"end":{"line":107,"column":19}},"60":{"start":{"line":111,"column":0},"end":{"line":224,"column":3}},"61":{"start":{"line":112,"column":34},"end":{"line":112,"column":44}},"62":{"start":{"line":113,"column":20},"end":{"line":113,"column":28}},"63":{"start":{"line":116,"column":25},"end":{"line":118,"column":null}},"64":{"start":{"line":121,"column":4},"end":{"line":123,"column":5}},"65":{"start":{"line":122,"column":6},"end":{"line":122,"column":40}},"66":{"start":{"line":125,"column":26},"end":{"line":125,"column":46}},"67":{"start":{"line":128,"column":4},"end":{"line":135,"column":5}},"68":{"start":{"line":129,"column":28},"end":{"line":129,"column":43}},"69":{"start":{"line":130,"column":25},"end":{"line":130,"column":45}},"70":{"start":{"line":131,"column":26},"end":{"line":131,"column":69}},"71":{"start":{"line":131,"column":49},"end":{"line":131,"column":68}},"72":{"start":{"line":132,"column":6},"end":{"line":134,"column":7}},"73":{"start":{"line":133,"column":8},"end":{"line":133,"column":90}},"74":{"start":{"line":137,"column":4},"end":{"line":139,"column":5}},"75":{"start":{"line":138,"column":6},"end":{"line":138,"column":71}},"76":{"start":{"line":141,"column":19},"end":{"line":141,"column":93}},"77":{"start":{"line":144,"column":4},"end":{"line":171,"column":5}},"78":{"start":{"line":145,"column":33},"end":{"line":145,"column":74}},"79":{"start":{"line":148,"column":6},"end":{"line":156,"column":7}},"80":{"start":{"line":149,"column":8},"end":{"line":155,"column":11}},"81":{"start":{"line":154,"column":10},"end":{"line":154,"column":87}},"82":{"start":{"line":159,"column":6},"end":{"line":170,"column":7}},"83":{"start":{"line":160,"column":8},"end":{"line":169,"column":11}},"84":{"start":{"line":168,"column":10},"end":{"line":168,"column":88}},"85":{"start":{"line":174,"column":4},"end":{"line":221,"column":5}},"86":{"start":{"line":175,"column":6},"end":{"line":192,"column":7}},"87":{"start":{"line":176,"column":35},"end":{"line":176,"column":110}},"88":{"start":{"line":177,"column":27},"end":{"line":177,"column":94}},"89":{"start":{"line":179,"column":8},"end":{"line":191,"column":9}},"90":{"start":{"line":180,"column":32},"end":{"line":180,"column":64}},"91":{"start":{"line":181,"column":30},"end":{"line":181,"column":67}},"92":{"start":{"line":183,"column":10},"end":{"line":190,"column":13}},"93":{"start":{"line":189,"column":12},"end":{"line":189,"column":72}},"94":{"start":{"line":195,"column":6},"end":{"line":218,"column":7}},"95":{"start":{"line":196,"column":30},"end":{"line":200,"column":null}},"96":{"start":{"line":203,"column":30},"end":{"line":203,"column":97}},"97":{"start":{"line":204,"column":28},"end":{"line":204,"column":68}},"98":{"start":{"line":205,"column":24},"end":{"line":205,"column":47}},"99":{"start":{"line":207,"column":8},"end":{"line":217,"column":9}},"100":{"start":{"line":208,"column":10},"end":{"line":216,"column":13}},"101":{"start":{"line":215,"column":12},"end":{"line":215,"column":68}},"102":{"start":{"line":220,"column":6},"end":{"line":220,"column":75}},"103":{"start":{"line":223,"column":4},"end":{"line":223,"column":21}},"104":{"start":{"line":227,"column":0},"end":{"line":241,"column":3}},"105":{"start":{"line":228,"column":32},"end":{"line":228,"column":42}},"106":{"start":{"line":230,"column":2},"end":{"line":232,"column":3}},"107":{"start":{"line":231,"column":4},"end":{"line":231,"column":59}},"108":{"start":{"line":234,"column":18},"end":{"line":234,"column":69}},"109":{"start":{"line":236,"column":2},"end":{"line":238,"column":3}},"110":{"start":{"line":237,"column":4},"end":{"line":237,"column":38}},"111":{"start":{"line":240,"column":2},"end":{"line":240,"column":30}},"112":{"start":{"line":244,"column":0},"end":{"line":248,"column":3}},"113":{"start":{"line":245,"column":24},"end":{"line":245,"column":34}},"114":{"start":{"line":246,"column":19},"end":{"line":246,"column":67}},"115":{"start":{"line":247,"column":2},"end":{"line":247,"column":21}},"116":{"start":{"line":251,"column":0},"end":{"line":270,"column":3}},"117":{"start":{"line":252,"column":32},"end":{"line":252,"column":42}},"118":{"start":{"line":253,"column":32},"end":{"line":253,"column":40}},"119":{"start":{"line":255,"column":2},"end":{"line":257,"column":3}},"120":{"start":{"line":256,"column":4},"end":{"line":256,"column":101}},"121":{"start":{"line":259,"column":23},"end":{"line":261,"column":null}},"122":{"start":{"line":264,"column":2},"end":{"line":266,"column":3}},"123":{"start":{"line":265,"column":4},"end":{"line":265,"column":38}},"124":{"start":{"line":268,"column":21},"end":{"line":268,"column":98}},"125":{"start":{"line":269,"column":2},"end":{"line":269,"column":35}},"126":{"start":{"line":273,"column":0},"end":{"line":277,"column":3}},"127":{"start":{"line":274,"column":24},"end":{"line":274,"column":34}},"128":{"start":{"line":275,"column":22},"end":{"line":275,"column":73}},"129":{"start":{"line":276,"column":2},"end":{"line":276,"column":24}},"130":{"start":{"line":280,"column":0},"end":{"line":321,"column":3}},"131":{"start":{"line":281,"column":2},"end":{"line":320,"column":3}},"132":{"start":{"line":282,"column":26},"end":{"line":282,"column":36}},"133":{"start":{"line":283,"column":26},"end":{"line":283,"column":68}},"134":{"start":{"line":285,"column":25},"end":{"line":287,"column":null}},"135":{"start":{"line":290,"column":22},"end":{"line":290,"column":40}},"136":{"start":{"line":292,"column":4},"end":{"line":315,"column":5}},"137":{"start":{"line":293,"column":21},"end":{"line":293,"column":41}},"138":{"start":{"line":294,"column":6},"end":{"line":314,"column":7}},"139":{"start":{"line":295,"column":35},"end":{"line":295,"column":76}},"140":{"start":{"line":296,"column":31},"end":{"line":299,"column":null}},"141":{"start":{"line":302,"column":40},"end":{"line":310,"column":11}},"142":{"start":{"line":302,"column":73},"end":{"line":310,"column":10}},"143":{"start":{"line":312,"column":8},"end":{"line":312,"column":67}},"144":{"start":{"line":313,"column":8},"end":{"line":313,"column":104}},"145":{"start":{"line":313,"column":35},"end":{"line":313,"column":102}},"146":{"start":{"line":317,"column":4},"end":{"line":317,"column":26}},"147":{"start":{"line":319,"column":4},"end":{"line":319,"column":16}},"148":{"start":{"line":324,"column":0},"end":{"line":361,"column":3}},"149":{"start":{"line":325,"column":2},"end":{"line":360,"column":3}},"150":{"start":{"line":326,"column":26},"end":{"line":326,"column":36}},"151":{"start":{"line":327,"column":24},"end":{"line":327,"column":32}},"152":{"start":{"line":329,"column":4},"end":{"line":331,"column":5}},"153":{"start":{"line":330,"column":6},"end":{"line":330,"column":73}},"154":{"start":{"line":333,"column":27},"end":{"line":333,"column":91}},"155":{"start":{"line":336,"column":25},"end":{"line":338,"column":null}},"156":{"start":{"line":341,"column":4},"end":{"line":355,"column":5}},"157":{"start":{"line":342,"column":21},"end":{"line":342,"column":41}},"158":{"start":{"line":343,"column":6},"end":{"line":354,"column":7}},"159":{"start":{"line":344,"column":31},"end":{"line":344,"column":105}},"160":{"start":{"line":345,"column":24},"end":{"line":345,"column":46}},"161":{"start":{"line":346,"column":25},"end":{"line":346,"column":89}},"162":{"start":{"line":347,"column":28},"end":{"line":347,"column":86}},"163":{"start":{"line":348,"column":8},"end":{"line":353,"column":10}},"164":{"start":{"line":357,"column":4},"end":{"line":357,"column":41}},"165":{"start":{"line":359,"column":4},"end":{"line":359,"column":16}},"166":{"start":{"line":363,"column":0},"end":{"line":363,"column":22}}},"fnMap":{"0":{"name":"(anonymous_9)","decl":{"start":{"line":13,"column":27},"end":{"line":13,"column":32}},"loc":{"start":{"line":13,"column":80},"end":{"line":39,"column":1}}},"1":{"name":"(anonymous_10)","decl":{"start":{"line":42,"column":71},"end":{"line":42,"column":76}},"loc":{"start":{"line":42,"column":124},"end":{"line":81,"column":1}}},"2":{"name":"(anonymous_11)","decl":{"start":{"line":68,"column":95},"end":{"line":68,"column":96}},"loc":{"start":{"line":68,"column":103},"end":{"line":70,"column":9}}},"3":{"name":"(anonymous_12)","decl":{"start":{"line":84,"column":70},"end":{"line":84,"column":75}},"loc":{"start":{"line":84,"column":112},"end":{"line":101,"column":1}}},"4":{"name":"(anonymous_13)","decl":{"start":{"line":104,"column":81},"end":{"line":104,"column":86}},"loc":{"start":{"line":104,"column":123},"end":{"line":108,"column":1}}},"5":{"name":"(anonymous_14)","decl":{"start":{"line":111,"column":83},"end":{"line":111,"column":88}},"loc":{"start":{"line":111,"column":125},"end":{"line":224,"column":1}}},"6":{"name":"(anonymous_15)","decl":{"start":{"line":131,"column":44},"end":{"line":131,"column":45}},"loc":{"start":{"line":131,"column":49},"end":{"line":131,"column":68}}},"7":{"name":"(anonymous_16)","decl":{"start":{"line":153,"column":16},"end":{"line":153,"column":17}},"loc":{"start":{"line":153,"column":29},"end":{"line":155,"column":9}}},"8":{"name":"(anonymous_17)","decl":{"start":{"line":167,"column":16},"end":{"line":167,"column":17}},"loc":{"start":{"line":167,"column":29},"end":{"line":169,"column":9}}},"9":{"name":"(anonymous_18)","decl":{"start":{"line":188,"column":18},"end":{"line":188,"column":19}},"loc":{"start":{"line":188,"column":26},"end":{"line":190,"column":11}}},"10":{"name":"(anonymous_19)","decl":{"start":{"line":214,"column":18},"end":{"line":214,"column":19}},"loc":{"start":{"line":214,"column":26},"end":{"line":216,"column":11}}},"11":{"name":"(anonymous_20)","decl":{"start":{"line":227,"column":84},"end":{"line":227,"column":89}},"loc":{"start":{"line":227,"column":126},"end":{"line":241,"column":1}}},"12":{"name":"(anonymous_21)","decl":{"start":{"line":244,"column":90},"end":{"line":244,"column":95}},"loc":{"start":{"line":244,"column":132},"end":{"line":248,"column":1}}},"13":{"name":"(anonymous_22)","decl":{"start":{"line":251,"column":94},"end":{"line":251,"column":99}},"loc":{"start":{"line":251,"column":136},"end":{"line":270,"column":1}}},"14":{"name":"(anonymous_23)","decl":{"start":{"line":273,"column":93},"end":{"line":273,"column":98}},"loc":{"start":{"line":273,"column":135},"end":{"line":277,"column":1}}},"15":{"name":"(anonymous_24)","decl":{"start":{"line":280,"column":90},"end":{"line":280,"column":95}},"loc":{"start":{"line":280,"column":143},"end":{"line":321,"column":1}}},"16":{"name":"(anonymous_25)","decl":{"start":{"line":302,"column":59},"end":{"line":302,"column":60}},"loc":{"start":{"line":302,"column":73},"end":{"line":310,"column":10}}},"17":{"name":"(anonymous_26)","decl":{"start":{"line":313,"column":25},"end":{"line":313,"column":26}},"loc":{"start":{"line":313,"column":35},"end":{"line":313,"column":102}}},"18":{"name":"(anonymous_27)","decl":{"start":{"line":324,"column":91},"end":{"line":324,"column":96}},"loc":{"start":{"line":324,"column":144},"end":{"line":361,"column":1}}}},"branchMap":{"0":{"loc":{"start":{"line":17,"column":4},"end":{"line":19,"column":5}},"type":"if","locations":[{"start":{"line":17,"column":4},"end":{"line":19,"column":5}},{"start":{},"end":{}}]},"1":{"loc":{"start":{"line":21,"column":4},"end":{"line":23,"column":5}},"type":"if","locations":[{"start":{"line":21,"column":4},"end":{"line":23,"column":5}},{"start":{},"end":{}}]},"2":{"loc":{"start":{"line":30,"column":4},"end":{"line":32,"column":5}},"type":"if","locations":[{"start":{"line":30,"column":4},"end":{"line":32,"column":5}},{"start":{},"end":{}}]},"3":{"loc":{"start":{"line":49,"column":4},"end":{"line":51,"column":5}},"type":"if","locations":[{"start":{"line":49,"column":4},"end":{"line":51,"column":5}},{"start":{},"end":{}}]},"4":{"loc":{"start":{"line":53,"column":81},"end":{"line":53,"column":98}},"type":"binary-expr","locations":[{"start":{"line":53,"column":81},"end":{"line":53,"column":92}},{"start":{"line":53,"column":96},"end":{"line":53,"column":98}}]},"5":{"loc":{"start":{"line":53,"column":100},"end":{"line":53,"column":120}},"type":"binary-expr","locations":[{"start":{"line":53,"column":100},"end":{"line":53,"column":108}},{"start":{"line":53,"column":112},"end":{"line":53,"column":120}}]},"6":{"loc":{"start":{"line":65,"column":26},"end":{"line":65,"column":66}},"type":"binary-expr","locations":[{"start":{"line":65,"column":26},"end":{"line":
[...]
,"column":3}},{"start":{},"end":{}}]},"7":{"loc":{"start":{"line":64,"column":2},"end":{"line":66,"column":3}},"type":"if","locations":[{"start":{"line":64,"column":2},"end":{"line":66,"column":3}},{"start":{},"end":{}}]},"8":{"loc":{"start":{"line":71,"column":2},"end":{"line":104,"column":3}},"type":"if","locations":[{"start":{"line":71,"column":2},"end":{"line":104,"column":3}},{"start":{},"end":{}}]},"9":{"loc":{"start":{"line":71,"column":6},"end":{"line":71,"column":87}},"type":"binary-expr","locations":[{"start":{"line":71,"column":6},"end":{"line":71,"column":32}},{"start":{"line":71,"column":36},"end":{"line":71,"column":60}},{"start":{"line":71,"column":64},"end":{"line":71,"column":87}}]},"10":{"loc":{"start":{"line":79,"column":6},"end":{"line":100,"column":7}},"type":"if","locations":[{"start":{"line":79,"column":6},"end":{"line":100,"column":7}},{"start":{},"end":{}}]},"11":{"loc":{"start":{"line":83,"column":8},"end":{"line":99,"column":9}},"type":"if","locations":[{"start":{"line":83,"column":8},"end":{"line":99,"column":9}},{"start":{},"end":{}}]},"12":{"loc":{"start":{"line":83,"column":12},"end":{"line":83,"column":66}},"type":"binary-expr","locations":[{"start":{"line":83,"column":12},"end":{"line":83,"column":36}},{"start":{"line":83,"column":40},"end":{"line":83,"column":66}}]},"13":{"loc":{"start":{"line":114,"column":2},"end":{"line":118,"column":3}},"type":"if","locations":[{"start":{"line":114,"column":2},"end":{"line":118,"column":3}},{"start":{},"end":{}}]},"14":{"loc":{"start":{"line":120,"column":2},"end":{"line":124,"column":3}},"type":"if","locations":[{"start":{"line":120,"column":2},"end":{"line":124,"column":3}},{"start":{},"end":{}}]},"15":{"loc":{"start":{"line":126,"column":2},"end":{"line":130,"column":3}},"type":"if","locations":[{"start":{"line":126,"column":2},"end":{"line":130,"column":3}},{"start":{},"end":{}}]},"16":{"loc":{"start":{"line":134,"column":2},"end":{"line":138,"column":3}},"type":"if","locations":[{"start":{"line":134,"column":2},"end":{"line":138,"column":3}},{"start":{},"end":{}}]},"17":{"loc":{"start":{"line":140,"column":2},"end":{"line":144,"column":3}},"type":"if","locations":[{"start":{"line":140,"column":2},"end":{"line":144,"column":3}},{"start":{},"end":{}}]},"18":{"loc":{"start":{"line":162,"column":4},"end":{"line":166,"column":5}},"type":"if","locations":[{"start":{"line":162,"column":4},"end":{"line":166,"column":5}},{"start":{},"end":{}}]},"19":{"loc":{"start":{"line":169,"column":2},"end":{"line":171,"column":3}},"type":"if","locations":[{"start":{"line":169,"column":2},"end":{"line":171,"column":3}},{"start":{},"end":{}}]},"20":{"loc":{"start":{"line":186,"column":2},"end":{"line":188,"column":3}},"type":"if","locations":[{"start":{"line":186,"column":2},"end":{"line":188,"column":3}},{"start":{},"end":{}}]},"21":{"loc":{"start":{"line":201,"column":10},"end":{"line":201,"column":30}},"type":"binary-expr","locations":[{"start":{"line":201,"column":10},"end":{"line":201,"column":25}},{"start":{"line":201,"column":29},"end":{"line":201,"column":30}}]},"22":{"loc":{"start":{"line":259,"column":9},"end":{"line":259,"column":35}},"type":"binary-expr","locations":[{"start":{"line":259,"column":9},"end":{"line":259,"column":30}},{"start":{"line":259,"column":34},"end":{"line":259,"column":35}}]}},"s":{"0":3,"1":3,"2":3,"3":3,"4":3,"5":1,"6":1,"7":1,"8":1,"9":0,"10":1,"11":1,"12":1,"13":1,"14":1,"15":1,"16":1,"17":0,"18":3,"19":3,"20":2,"21":2,"22":2,"23":2,"24":2,"25":2,"26":2,"27":1,"28":1,"29":1,"30":0,"31":0,"32":0,"33":0,"34":0,"35":0,"36":0,"37":0,"38":0,"39":0,"40":1,"41":3,"42":3,"43":2,"44":2,"45":2,"46":2,"47":0,"48":0,"49":0,"50":2,"51":0,"52":0,"53":0,"54":2,"55":0,"56":0,"57":0,"58":2,"59":2,"60":2,"61":2,"62":2,"63":2,"64":0,"65":0,"66":0,"67":2,"68":2,"69":3,"70":3,"71":2,"72":2,"73":2,"74":2,"75":2,"76":2,"77":2,"78":2,"79":2,"80":2,"81":0,"82":2,"83":2,"84":2,"85":2,"86":2,"87":2,"88":0,"89":2,"90":2,"91":3,"92":3,"93":2,"94":2,"95":3,"96":3,"97":3,"98":3,"99":3,"100":0,"101":0,"102":3,"103":3,"104":0,"105":0,"106":0,"107":3,"108":3,"109":0,"110":0,"111":3,"112":3,"113":0,"114":0,"115":3,"116":3,"117":0,"118":0,"119":3,"120":3,"121":0,"122":0,"123":0,"124":0,"125":3},"f":{"0":1,"1":2,"2":2,"3":2,"4":2,"5":2,"6":3,"7":0,"8":0,"9":0,"10":0,"11":0,"12":0},"b":{"0":[0],"1":[0,1],"2":[1,1],"3":[1,1],"4":[1,1],"5":[1,1],"6":[2,0],"7":[1,1],"8":[0,1],"9":[1,0,0],"10":[0,0],"11":[0,0],"12":[0,0],"13":[0,2],"14":[0,2],"15":[0,2],"16":[2,0],"17":[0,2],"18":[2,0],"19":[0,2],"20":[0,2],"21":[2,0],"22":[0,0]}}
,"D:\\zenith\\ticketing-system-build\\backend\\src\\utils\\validation.ts": {"path":"D:\\zenith\\ticketing-system-build\\backend\\src\\utils\\validation.ts","statementMap":{"0":{"start":{"line":8,"column":4},"end":{"line":8,"column":31}},"1":{"start":{"line":7,"column":21},"end":{"line":7,"column":46}},"2":{"start":{"line":9,"column":4},"end":{"line":9,"column":38}},"3":{"start":{"line":6,"column":0},"end":{"line":6,"column":13}},"4":{"start":{"line":14,"column":28},"end":{"line":17,"column":1}},"5":{"start":{"line":15,"column":21},"end":{"line":15,"column":49}},"6":{"start":{"line":16,"column":2},"end":{"line":16,"column":55}},"7":{"start":{"line":14,"column":13},"end":{"line":14,"column":28}},"8":{"start":{"line":20,"column":31},"end":{"line":23,"column":1}},"9":{"start":{"line":21,"column":24},"end":{"line":21,"column":83}},"10":{"start":{"line":22,"column":2},"end":{"line":22,"column":38}},"11":{"start":{"line":20,"column":13},"end":{"line":20,"column":31}},"12":{"start":{"line":26,"column":27},"end":{"line":29,"column":1}},"13":{"start":{"line":27,"column":20},"end":{"line":27,"column":85}},"14":{"start":{"line":28,"column":2},"end":{"line":28,"column":28}},"15":{"start":{"line":26,"column":13},"end":{"line":26,"column":27}},"16":{"start":{"line":32,"column":29},"end":{"line":36,"column":1}},"17":{"start":{"line":33,"column":2},"end":{"line":33,"column":44}},"18":{"start":{"line":33,"column":31},"end":{"line":33,"column":44}},"19":{"start":{"line":34,"column":18},"end":{"line":34,"column":28}},"20":{"start":{"line":35,"column":2},"end":{"line":35,"column":68}},"21":{"start":{"line":32,"column":13},"end":{"line":32,"column":29}},"22":{"start":{"line":39,"column":34},"end":{"line":41,"column":1}},"23":{"start":{"line":40,"column":2},"end":{"line":40,"column":38}},"24":{"start":{"line":39,"column":13},"end":{"line":39,"column":34}},"25":{"start":{"line":44,"column":40},"end":{"line":46,"column":1}},"26":{"start":{"line":45,"column":2},"end":{"line":45,"column":45}},"27":{"start":{"line":44,"column":13},"end":{"line":44,"column":40}},"28":{"start":{"line":49,"column":31},"end":{"line":51,"column":1}},"29":{"start":{"line":50,"column":2},"end":{"line":50,"column":78}},"30":{"start":{"line":49,"column":13},"end":{"line":49,"column":31}},"31":{"start":{"line":54,"column":29},"end":{"line":56,"column":1}},"32":{"start":{"line":55,"column":2},"end":{"line":55,"column":105}},"33":{"start":{"line":54,"column":13},"end":{"line":54,"column":29}},"34":{"start":{"line":59,"column":30},"end":{"line":61,"column":1}},"35":{"start":{"line":60,"column":2},"end":{"line":60,"column":37}},"36":{"start":{"line":59,"column":13},"end":{"line":59,"column":30}},"37":{"start":{"line":64,"column":31},"end":{"line":66,"column":1}},"38":{"start":{"line":65,"column":2},"end":{"line":65,"column":37}},"39":{"start":{"line":64,"column":13},"end":{"line":64,"column":31}},"40":{"start":{"line":69,"column":31},"end":{"line":72,"column":1}},"41":{"start":{"line":70,"column":25},"end":{"line":70,"column":48}},"42":{"start":{"line":71,"column":2},"end":{"line":71,"column":58}},"43":{"start":{"line":69,"column":13},"end":{"line":69,"column":31}},"44":{"start":{"line":75,"column":31},"end":{"line":88,"column":1}},"45":{"start":{"line":76,"column":23},"end":{"line":86,"column":4}},"46":{"start":{"line":87,"column":2},"end":{"line":87,"column":41}},"47":{"start":{"line":75,"column":13},"end":{"line":75,"column":31}},"48":{"start":{"line":91,"column":38},"end":{"line":116,"column":1}},"49":{"start":{"line":92,"column":36},"end":{"line":92,"column":38}},"50":{"start":{"line":94,"column":2},"end":{"line":99,"column":3}},"51":{"start":{"line":95,"column":4},"end":{"line":98,"column":7}},"52":{"start":{"line":101,"column":2},"end":{"line":106,"column":3}},"53":{"start":{"line":102,"column":4},"end":{"line":105,"column":7}},"54":{"start":{"line":108,"column":2},"end":{"line":113,"column":3}},"55":{"start":{"line":109,"column":4},"end":{"line":112,"column":7}},"56":{"start":{"line":115,"column":2},"end":{"line":115,"column":16}},"57":{"start":{"line":91,"column":13},"end":{"line":91,"column":38}},"58":{"start":{"line":119,"column":40},"end":{"line":151,"column":1}},"59":{"start":{"line":120,"column":36},"end":{"line":120,"column":38}},"60":{"start":{"line":122,"column":2},"end":{"line":127,"column":3}},"61":{"start":{"line":123,"column":4},"end":{"line":126,"column":7}},"62":{"start":{"line":129,"column":2},"end":{"line":134,"column":3}},"63":{"start":{"line":130,"column":4},"end":{"line":133,"column":7}},"64":{"start":{"line":136,"column":2},"end":{"line":141,"column":3}},"65":{"start":{"line":137,"column":4},"end":{"line":140,"column":7}},"66":{"start":{"line":143,"column":2},"end":{"line":148,"column":3}},"67":{"start":{"line":144,"column":4},"end":{"line":147,"column":7}},"68":{"start":{"line":150,"column":2},"end":{"line":150,"column":16}},"69":{"start":{"line":119,"column":13},"end":{"line":119,"column":40}},"70":{"start":{"line":154,"column":29},"end":{"line":169,"column":1}},"71":{"start":{"line":155,"column":2},"end":{"line":155,"column":43}},"72":{"start":{"line":155,"column":33},"end":{"line":155,"column":43}},"73":{"start":{"line":156,"column":2},"end":{"line":168,"column":7}},"74":{"start":{"line":160,"column":23},"end":{"line":166,"column":8}},"75":{"start":{"line":167,"column":6},"end":{"line":167,"column":23}},"76":{"start":{"line":154,"column":13},"end":{"line":154,"column":29}},"77":{"start":{"line":172,"column":33},"end":{"line":181,"column":1}},"78":{"start":{"line":173,"column":18},"end":{"line":173,"column":37}},"79":{"start":{"line":174,"column":19},"end":{"line":174,"column":40}},"80":{"start":{"line":176,"column":2},"end":{"line":178,"column":3}},"81":{"start":{"line":177,"column":4},"end":{"line":177,"column":16}},"82":{"start":{"line":180,"column":2},"end":{"line":180,"column":44}},"83":{"start":{"line":172,"column":13},"end":{"line":172,"column":33}}},"fnMap":{"0":{"name":"(anonymous_0)","decl":{"start":{"line":7,"column":2},"end":{"line":7,"column":21}},"loc":{"start":{"line":7,"column":46},"end":{"line":10,"column":3}}},"1":{"name":"(anonymous_1)","decl":{"start":{"line":14,"column":28},"end":{"line":14,"column":29}},"loc":{"start":{"line":14,"column":55},"end":{"line":17,"column":1}}},"2":{"name":"(anonymous_2)","decl":{"start":{"line":20,"column":31},"end":{"line":20,"column":32}},"loc":{"start":{"line":20,"column":61},"end":{"line":23,"column":1}}},"3":{"name":"(anonymous_3)","decl":{"start":{"line":26,"column":27},"end":{"line":26,"column":28}},"loc":{"start":{"line":26,"column":51},"end":{"line":29,"column":1}}},"4":{"name":"(anonymous_4)","decl":{"start":{"line":32,"column":29},"end":{"line":32,"column":30}},"loc":{"start":{"line":32,"column":104},"end":{"line":36,"column":1}}},"5":{"name":"(anonymous_5)","decl":{"start":{"line":39,"column":34},"end":{"line":39,"column":35}},"loc":{"start":{"line":39,"column":61},"end":{"line":41,"column":1}}},"6":{"name":"(anonymous_6)","decl":{"start":{"line":44,"column":40},"end":{"line":44,"column":41}},"loc":{"start":{"line":44,"column":73},"end":{"line":46,"column":1}}},"7":{"name":"(anonymous_7)","decl":{"start":{"line":49,"column":31},"end":{"line":49,"column":32}},"loc":{"start":{"line":49,"column":61},"end":{"line":51,"column":1}}},"8":{"name":"(anonymous_8)","decl":{"start":{"line":54,"column":29},"end":{"line":54,"column":30}},"loc":{"start":{"line":54,"column":57},"end":{"line":56,"column":1}}},"9":{"name":"(anonymous_9)","decl":{"start":{"line":59,"column":30},"end":{"line":59,"column":31}},"loc":{"start":{"line":59,"column":56},"end":{"line":61,"column":1}}},"10":{"name":"(anonymous_10)","decl":{"start":{"line":64,"column":31},"end":{"line":64,"column":32}},"loc":{"start":{"line":64,"column":57},"end":{"line":66,"column":1}}},"11":{"name":"(anonymous_11)","decl":{"start":{"line":69,"column":31},"end":{"line":69,"column":32}},"loc":{"start":{"line":69,"column":88},"end":{"line":72,"column":1}}},"12":{"name":"(anonymous_12)","decl":{"start":{"line":75,"column":31},"end":{"line":75,"column":32}},"loc":{"start":{"line":75,"column":61},"end":{"line":88,"column":1}}},"13":{"name":"(anonymous_13)","decl":{"start":{"line":91,"column":38},"end":{"line":91,"column":39}},"loc":{"start":{"line":91,"column":71},"end":{"line":116,"column":1}}},"14":{"name":"(anonymous_14)","decl":{"start":{"line":119,"column":40},"end":{"line":119,"column":41}},"loc":{"start":{"line":119,"column":73},"end":{"line":151,"column":1}}},"15":{"name":"(anonymous_15)","decl":{"start":{"line":154,"column":29},"end":{"line":154,"column":30}},"loc":{"start":{"line":154,"column":55},"end":{"line":169,"column":1}}},"16":{"name":"(anonymous_16)","decl":{"start":{"line":159,"column":26},"end":{"line":159,"column":27}},"loc":{"start":{"line":159,"column":35},"end":{"line":168,"column":5}}},"17":{"name":"(anonymous_17)","decl":{"start":{"line":172,"column":33},"end":{"line":172,"column":34}},"loc":{"start":{"line":172,"column":99},"end":{"line":181,"column":1}}}},"branchMap":{"0":{"loc":{"start":{"line":16,"column":9},"end":{"line":16,"column":54}},"type":"binary-expr","locations":[{"start":{"line":16,"column":9},"end":{"line":16,"column":31}},{"start":{"line":16,"column":35},"end":{"line":16,"column":54}}]},"1":{"loc":{"start":{"line":32,"column":43},"end":{"line":32,"column":64}},"type":"default-arg","locations":[{"start":{"line":32,"column":63},"end":{"line":32,"column":64}}]},"2":{"loc":{"start":{"line":32,"column":66},"end":{"line":32,"column":91}},"type":"default-arg","locations":[{"start":{"line":32,"column":86},"end":{"line":32,"column":91}}]},"3":{"loc":{"start":{"line":33,"column":2},"end":{"line":33,"column":44}},"type":"if","locations":[{"start":{"line":33,"column":2},"end":{"line":33,"column":44}},{"start":{},"end":{}}]},"4":{"loc":{"start":{"line":35,"column":9},"end":{"line":35,"column":67}},"type":"binary-expr","locations":[{"start":{"line":35,"column":9},"end":{"line":35,"column":36}},{"start":{"line":35,"column":40},"end":{"line":35,"column":67}}]},"5":{"loc":{"start":{"line":69,"column":53},"end":{"line":69,"column":75}},"type":"default-arg","locations":[{"start":{"line":69,"column":73},"end":{"line":69,"column":75}}]},"6":{"loc":{"start":{"line":71,"column":9},"end":{"line":71,"column":57}},"type":"binary-expr","locations":[{"start":{"line":71,"column":9},"end":{"line":71,"column":24}},{"start":{"line":71,"column":28},"end":{"line":71,"column":57}}]},"7":{"loc":{"start":{"line":94,"column":2},"end":{"line":99,"column":3}},"type":"if","locations":[{"start":{"line":94,"column":2},"end":{"line":99,"column":3}},{"start":{},"end":{}}]},"8":{"loc":{"start":{"line":94,"column":6},"end":{"line":94,"column":52}},"type":"binary-expr","locations":[{"start":{"line":94,"column":6},"end":{"line":94,"column":17}},{"start":{"line":94,"column":21},"end":{"line":94,"column":52}}]},"9":{"loc":{"start":{"line":101,"column":2},"end":{"line":106,"column":3}},"type":"if","locations":[{"start":{"line":101,"column":2},"end":{"line":106,"column":3}},{"start":{},"end":{}}]},"10":{"loc":{"start":{"line":101,"column":6},"end":{"line":101,"column":69}},"type":"binary-expr","locations":[{"start":{"line":101,"column":6},"end":{"line":101,"column":22}},{"start":{"line":101,"column":26},"end":{"line":101,"column":69}}]},"11":{"loc":{"start":{"line":108,"column":2},"end":{"line":113,"column":3}},"type":"if","locations":[{"start":{"line":108,"column":2},"end":{"line":113,"column":3}},{"start":{},"end":{}}]},"12":{"loc":{"start":{"line":108,"column":6},"end":{"line":108,"column":54}},"type":"binary-expr","locations":[{"start":{"line":108,"column":6},"end":{"line":108,"column":19}},{"start":{"line":108,"column":23},"end":{"line":108,"column":54}}]},"13":{"loc":{"start":{"line":122,"column":2},"end":{"line":127,"column":3}},"type":"if","locations":[{"start":{"line":122,"column":2},"end":{"line":127,"column":3}},{"start":{},"end":{}}]},"14":{"loc":{"start":{"line":122,"column":6},"end":{"line":122,"column":46}},"type":"binary-expr","locations":[{"start":{"line":122,"column":6},"end":{"line":122,"column":17}},{"start":{"line":122,"column":21},"end":{"line":122,"column":46}}]},"15":{"loc":{"start":{"line":129,"column":2},"end":{"line":134,"column":3}},"type":"if","locations":[{"start":{"line":129,"column":2},"end":{"line":134,"column":3}},{"start":{},"end":{}}]},"16":{"loc":{"start":{"line":129,"column":6},"end":{"line":129,"column":47}},"type":"binary-expr","locations":[{"start":{"line":129,"column":6},"end":{"line":129,"column":16}},{"start":{"line":129,"column":20},"end":{"line":129,"column":47}}]},"17":{"loc":{"start":{"line":136,"column":2},"end":{"line":141,"column":3}},"type":"if","locations":[{"start":{"line":136,"column":2},"end":{"line":141,"column":3}},{"start":{},"end":{}}]},"18":{"loc":{"start":{"line":136,"column":6},"end":{"line":136,"column":55}},"type":"binary-expr","locations":[{"start":{"line":136,"column":6},"end":{"line":136,"column":20}},{"start":{"line":136,"column":24},"end":{"line":136,"column":55}}]},"19":{"loc":{"start":{"line":143,"column":2},"end":{"line":148,"column":3}},"type":"if","locations":[{"start":{"line":143,"column":2},"end":{"line":148,"column":3}},{"start":{},"end":{}}]},"20":{"loc":{"start":{"line":155,"column":2},"end":{"line":155,"column":43}},"type":"if","locations":[{"start":{"line":155,"column":2},"end":{"line":155,"column":43}},{"start":{},"end":{}}]},"21":{"loc":{"start":{"line":173,"column":18},"end":{"line":173,"column":37}},"type":"binary-expr","locations":[{"start":{"line":173,"column":18},"end":{"line":173,"column":32}},{"start":{"line":173,"column":36},"end":{"line":173,"column":37}}]},"22":{"loc":{"start":{"line":174,"column":19},"end":{"line":174,"column":40}},"type":"binary-expr","locations":[{"start":{"line":174,"column":19},"end":{"line":174,"column":34}},{"start":{"line":174,"column":38},"end":{"line":174,"column":40}}]},"23":{"loc":{"start":{"line":176,"column":2},"end":{"line":178,"column":3}},"type":"if","locations":[{"start":{"line":176,"column":2},"end":{"line":178,"column":3}},{"start":{},"end":{}}]},"24":{"loc":{"start":{"line":176,"column":6},"end":{"line":176,"column":51}},"type":"binary-expr","locations":[{"start":{"line":176,"column":6},"end":{"line":176,"column":17}},{"start":{"line":176,"column":21},"end":{"line":176,"column":33}},{"start":{"line":176,"column":37},"end":{"line":176,"column":51}}]}},"s":{"0":10,"1":10,"2":10,"3":6,"4":6,"5":22,"6":22,"7":6,"8":6,"9":20,"10":20,"11":6,"12":6,"13":23,"14":23,"15":6,"16":6,"17":32,"18":1,"19":31,"20":31,"21":6,"22":6,"23":7,"24":6,"25":6,"26":6,"27":6,"28":6,"29":15,"30":6,"31":6,"32":6,"33":6,"34":6,"35":2,"36":6,"37":6,"38":12,"39":6,"40":6,"41":0,"42":0,"43":6,"44":6,"45":0,"46":0,"47":6,"48":6,"49":9,"50":9,"51":4,"52":9,"53":0,"54":9,"55":2,"56":9,"57":6,"58":6,"59":14,"60":14,"61":5,"62":14,"63":3,"64":14,"65":3,"66":14,"67":2,"68":14,"69":6,"70":6,"71":0,"72":0,"73":0,"74":0,"75":0,"76":6,"77":6,"78":7,"79":7,"80":7,"81":2,"82":5,"83":6},"f":{"0":10,"1":22,"2":20,"3":23,"4":32,"5":7,"6":6,"7":15,"8":6,"9":2,"10":12,"11":0,"12":0,"13":9,"14":14,"15":0,"16":0,"17":7},"b":{"0":[22,15],"1":[0],"2":[0],"3":[1,31],"4":[31,28],"5":[0],"6":[0,0],"7":[4,5],"8":[9,7],"9":[0,9],"10":[9,6],"11":[2,7],"12":[9,9],"13":[5,9],"14":[14,11],"15":[3,11],"16":[14,11],"17":[3,11],"18":[14,13],"19":[2,12],"20":[0,0],"21":[7,2],"22":[7,1],"23":[2,5],"24":[7,7,7]}}
}
