TN:
SF:src\app.ts
FN:14,createApp
FN:45,(anonymous_11)
FN:45,(anonymous_12)
FN:59,(anonymous_13)
FN:61,(anonymous_14)
FN:70,(anonymous_15)
FNF:6
FNH:4
FNDA:3,createApp
FNDA:3,(anonymous_11)
FNDA:3,(anonymous_12)
FNDA:0,(anonymous_13)
FNDA:0,(anonymous_14)
FNDA:1,(anonymous_15)
DA:1,3
DA:2,3
DA:3,3
DA:4,3
DA:5,3
DA:6,3
DA:7,3
DA:8,3
DA:9,3
DA:10,3
DA:11,3
DA:12,3
DA:14,3
DA:15,3
DA:17,3
DA:18,3
DA:21,3
DA:24,3
DA:27,3
DA:28,0
DA:29,0
DA:33,3
DA:40,3
DA:41,3
DA:44,3
DA:45,3
DA:46,3
DA:47,0
DA:50,3
DA:53,3
DA:54,3
DA:55,3
DA:56,3
DA:59,3
DA:60,0
DA:61,0
DA:62,0
DA:63,0
DA:65,0
DA:70,3
DA:71,1
DA:79,3
DA:81,3
LF:43
LH:35
BRDA:27,0,0,0
BRDA:27,0,1,3
BRDA:34,1,0,3
BRDA:34,1,1,3
BRDA:46,2,0,0
BRDA:46,2,1,3
BRF:6
BRH:4
end_of_record
TN:
SF:src\db\index.ts
FN:11,(anonymous_1)
FN:35,(anonymous_2)
FN:39,(anonymous_3)
FN:41,(anonymous_4)
FN:43,(anonymous_5)
FN:47,(anonymous_6)
FN:65,(anonymous_7)
FN:70,(anonymous_8)
FN:85,(anonymous_9)
FNF:9
FNH:0
FNDA:0,(anonymous_1)
FNDA:0,(anonymous_2)
FNDA:0,(anonymous_3)
FNDA:0,(anonymous_4)
FNDA:0,(anonymous_5)
FNDA:0,(anonymous_6)
FNDA:0,(anonymous_7)
FNDA:0,(anonymous_8)
FNDA:0,(anonymous_9)
DA:1,0
DA:2,0
DA:3,0
DA:4,0
DA:6,0
DA:8,0
DA:9,0
DA:11,0
DA:12,0
DA:14,0
DA:15,0
DA:20,0
DA:22,0
DA:27,0
DA:30,0
DA:33,0
DA:35,0
DA:36,0
DA:39,0
DA:41,0
DA:43,0
DA:44,0
DA:47,0
DA:48,0
DA:49,0
DA:50,0
DA:51,0
DA:53,0
DA:54,0
DA:58,0
DA:59,0
DA:65,0
DA:70,0
DA:71,0
DA:73,0
DA:74,0
DA:76,0
DA:77,0
DA:78,0
DA:80,0
DA:81,0
DA:85,0
DA:86,0
DA:87,0
DA:88,0
DA:90,0
DA:94,0
LF:47
LH:0
BRDA:14,0,0,0
BRDA:14,0,1,0
BRDA:22,1,0,0
BRDA:22,1,1,0
BRDA:23,2,0,0
BRDA:23,2,1,0
BRDA:23,2,2,0
BRDA:47,3,0,0
BRDA:58,4,0,0
BRDA:58,4,1,0
BRF:10
BRH:0
end_of_record
TN:
SF:src\middleware\auth.ts
FN:7,(anonymous_1)
FN:24,(anonymous_2)
FN:60,(anonymous_3)
FN:61,(anonymous_4)
FN:91,(anonymous_5)
FN:92,(anonymous_6)
FNF:6
FNH:4
FNDA:38,(anonymous_1)
FNDA:43,(anonymous_2)
FNDA:9,(anonymous_3)
FNDA:11,(anonymous_4)
FNDA:0,(anonymous_5)
FNDA:0,(anonymous_6)
DA:2,3
DA:3,3
DA:4,3
DA:5,3
DA:7,3
DA:8,38
DA:9,38
DA:10,0
DA:12,38
DA:24,3
DA:25,43
DA:26,43
DA:28,43
DA:29,5
DA:32,38
DA:33,38
DA:35,36
DA:36,36
DA:37,36
DA:38,36
DA:41,0
DA:46,0
DA:47,0
DA:50,0
DA:54,0
DA:56,2
DA:60,3
DA:61,9
DA:62,11
DA:63,0
DA:66,11
DA:68,11
DA:69,11
DA:74,11
DA:75,1
DA:78,10
DA:79,10
DA:80,2
DA:83,8
DA:84,8
DA:86,0
DA:91,3
DA:92,0
DA:93,0
DA:94,0
DA:97,0
DA:99,0
DA:100,0
DA:105,0
DA:106,0
DA:108,0
DA:109,0
DA:112,0
DA:113,0
DA:115,0
LF:55
LH:34
BRDA:9,0,0,0
BRDA:9,0,1,38
BRDA:26,1,0,43
BRDA:26,1,1,38
BRDA:28,2,0,5
BRDA:28,2,1,38
BRDA:35,3,0,36
BRDA:35,3,1,0
BRDA:46,4,0,0
BRDA:46,4,1,0
BRDA:62,5,0,0
BRDA:62,5,1,11
BRDA:74,6,0,1
BRDA:74,6,1,10
BRDA:79,7,0,2
BRDA:79,7,1,8
BRDA:93,8,0,0
BRDA:93,8,1,0
BRDA:106,9,0,0
BRDA:106,9,1,0
BRDA:108,10,0,0
BRDA:108,10,1,0
BRDA:108,11,0,0
BRDA:108,11,1,0
BRF:24
BRH:11
end_of_record
TN:
SF:src\middleware\errorHandler.ts
FN:10,(anonymous_0)
FN:22,(anonymous_1)
FN:29,(anonymous_2)
FN:36,(anonymous_3)
FN:43,(anonymous_4)
FN:50,(anonymous_5)
FN:57,(anonymous_6)
FN:63,(anonymous_7)
FN:160,(anonymous_8)
FN:161,(anonymous_9)
FNF:10
FNH:8
FNDA:50,(anonymous_0)
FNDA:10,(anonymous_1)
FNDA:19,(anonymous_2)
FNDA:9,(anonymous_3)
FNDA:6,(anonymous_4)
FNDA:3,(anonymous_5)
FNDA:1,(anonymous_6)
FNDA:48,(anonymous_7)
FNDA:0,(anonymous_8)
FNDA:0,(anonymous_9)
DA:2,5
DA:9,5
DA:11,50
DA:12,50
DA:13,50
DA:15,50
DA:16,50
DA:17,50
DA:21,5
DA:22,10
DA:23,10
DA:24,10
DA:28,5
DA:30,19
DA:31,19
DA:35,5
DA:37,9
DA:38,9
DA:42,5
DA:44,6
DA:45,6
DA:49,5
DA:51,3
DA:52,3
DA:56,5
DA:58,1
DA:59,1
DA:63,5
DA:69,48
DA:78,48
DA:79,9
DA:88,39
DA:89,34
DA:98,5
DA:100,1
DA:107,4
DA:109,1
DA:116,3
DA:118,0
DA:126,3
DA:127,1
DA:135,2
DA:136,0
DA:143,2
DA:144,0
DA:152,2
DA:160,5
DA:161,0
DA:162,0
LF:49
LH:44
BRDA:11,0,0,1
BRDA:12,1,0,1
BRDA:13,2,0,1
BRDA:22,3,0,0
BRDA:22,4,0,6
BRDA:29,5,0,1
BRDA:36,6,0,1
BRDA:43,7,0,0
BRDA:50,8,0,1
BRDA:57,9,0,1
BRDA:78,10,0,9
BRDA:78,10,1,39
BRDA:88,11,0,34
BRDA:88,11,1,5
BRDA:93,12,0,34
BRDA:93,12,1,9
BRDA:98,13,0,1
BRDA:98,13,1,4
BRDA:107,14,0,1
BRDA:107,14,1,3
BRDA:116,15,0,0
BRDA:116,15,1,3
BRDA:126,16,0,1
BRDA:126,16,1,2
BRDA:126,17,0,3
BRDA:126,17,1,2
BRDA:135,18,0,0
BRDA:135,18,1,2
BRDA:143,19,0,0
BRDA:143,19,1,2
BRDA:155,20,0,1
BRDA:155,20,1,1
BRF:32
BRH:27
end_of_record
TN:
SF:src\middleware\logger.ts
FN:18,(anonymous_0)
FN:26,(anonymous_1)
FN:29,(anonymous_2)
FN:40,(anonymous_3)
FN:41,(anonymous_4)
FN:42,(anonymous_5)
FN:43,(anonymous_6)
FN:52,(anonymous_7)
FN:58,(anonymous_8)
FN:100,(anonymous_9)
FN:104,(anonymous_10)
FN:117,(anonymous_11)
FN:129,(anonymous_12)
FN:133,(anonymous_13)
FN:134,(anonymous_14)
FN:148,(anonymous_15)
FN:150,(anonymous_16)
FN:152,(anonymous_17)
FNF:18
FNH:6
FNDA:63,(anonymous_0)
FNDA:66,(anonymous_1)
FNDA:63,(anonymous_2)
FNDA:63,(anonymous_3)
FNDA:0,(anonymous_4)
FNDA:0,(anonymous_5)
FNDA:0,(anonymous_6)
FNDA:63,(anonymous_7)
FNDA:63,(anonymous_8)
FNDA:0,(anonymous_9)
FNDA:0,(anonymous_10)
FNDA:0,(anonymous_11)
FNDA:0,(anonymous_12)
FNDA:0,(anonymous_13)
FNDA:0,(anonymous_14)
FNDA:0,(anonymous_15)
FNDA:0,(anonymous_16)
FNDA:0,(anonymous_17)
DA:2,3
DA:15,3
DA:16,3
DA:18,3
DA:19,63
DA:20,63
DA:21,63
DA:22,63
DA:23,63
DA:26,3
DA:27,66
DA:29,66
DA:30,63
DA:39,66
DA:40,63
DA:41,0
DA:42,0
DA:44,0
DA:50,3
DA:52,3
DA:53,63
DA:54,63
DA:57,63
DA:58,63
DA:60,63
DA:62,63
DA:63,63
DA:74,63
DA:75,63
DA:76,0
DA:79,63
DA:81,0
DA:86,0
DA:87,0
DA:91,63
DA:94,63
DA:97,63
DA:100,3
DA:101,0
DA:104,3
DA:105,0
DA:115,3
DA:117,3
DA:118,0
DA:119,0
DA:125,0
DA:126,0
DA:129,3
DA:130,0
DA:133,3
DA:134,0
DA:146,3
DA:148,3
DA:149,0
DA:150,0
DA:152,0
DA:154,0
LF:57
LH:38
BRDA:19,0,0,63
BRDA:19,0,1,63
BRDA:27,1,0,63
BRDA:27,1,1,3
BRDA:35,2,0,63
BRDA:35,2,1,63
BRDA:44,3,0,0
BRDA:44,3,1,0
BRDA:69,4,0,63
BRDA:69,4,1,0
BRDA:69,4,2,0
BRDA:75,5,0,0
BRDA:75,5,1,63
BRDA:79,6,0,0
BRDA:79,6,1,63
BRDA:81,7,0,0
BRDA:81,7,1,0
BRDA:83,8,0,0
BRDA:83,8,1,0
BRDA:118,9,0,0
BRDA:118,9,1,0
BRDA:152,10,0,0
BRDA:152,10,1,0
BRF:23
BRH:9
end_of_record
TN:
SF:src\middleware\rateLimiter.ts
FN:17,(anonymous_0)
FN:21,(anonymous_1)
FN:24,(anonymous_2)
FN:71,(anonymous_3)
FNF:4
FNH:1
FNDA:0,(anonymous_0)
FNDA:9,(anonymous_1)
FNDA:0,(anonymous_2)
FNDA:0,(anonymous_3)
DA:2,3
DA:8,3
DA:17,3
DA:18,0
DA:21,3
DA:22,9
DA:24,9
DA:25,0
DA:26,0
DA:29,0
DA:30,0
DA:33,0
DA:36,0
DA:37,0
DA:39,0
DA:40,0
DA:41,0
DA:43,0
DA:44,0
DA:45,0
DA:47,0
DA:50,0
DA:55,3
DA:60,3
DA:65,3
DA:71,3
DA:72,0
DA:73,0
DA:74,0
DA:75,0
LF:30
LH:10
BRDA:18,0,0,0
BRDA:18,0,1,0
BRDA:18,0,2,0
BRDA:22,1,0,9
BRDA:29,2,0,0
BRDA:29,2,1,0
BRDA:29,3,0,0
BRDA:29,3,1,0
BRDA:43,4,0,0
BRDA:43,4,1,0
BRDA:44,5,0,0
BRDA:44,5,1,0
BRDA:74,6,0,0
BRDA:74,6,1,0
BRF:14
BRH:1
end_of_record
TN:
SF:src\permissions\orgPermissions.ts
FN:19,(anonymous_0)
FN:25,(anonymous_1)
FN:31,(anonymous_2)
FNF:3
FNH:3
FNDA:32,(anonymous_0)
FNDA:28,(anonymous_1)
FNDA:4,(anonymous_2)
DA:1,4
DA:10,4
DA:19,4
DA:20,32
DA:21,18
DA:22,0
DA:25,4
DA:26,28
DA:27,28
DA:28,28
DA:31,4
DA:32,4
DA:34,4
LF:13
LH:12
BRDA:20,0,0,14
BRDA:20,0,1,18
BRDA:21,1,0,18
BRDA:21,1,1,0
BRDA:21,2,0,18
BRDA:21,2,1,1
BRDA:27,3,0,0
BRDA:27,3,1,28
BRDA:32,4,0,4
BRDA:32,4,1,0
BRF:10
BRH:7
end_of_record
TN:
SF:src\routes\auth.ts
FN:10,(anonymous_9)
FN:28,(anonymous_10)
FN:48,(anonymous_11)
FN:65,(anonymous_12)
FNF:4
FNH:4
FNDA:7,(anonymous_9)
FNDA:8,(anonymous_10)
FNDA:1,(anonymous_11)
FNDA:3,(anonymous_12)
DA:1,3
DA:2,3
DA:3,3
DA:4,3
DA:5,3
DA:7,3
DA:10,3
DA:11,7
DA:12,7
DA:15,7
DA:16,7
DA:17,5
DA:20,2
DA:21,1
DA:23,6
DA:28,3
DA:29,8
DA:30,8
DA:32,8
DA:33,1
DA:36,7
DA:37,1
DA:40,6
DA:41,3
DA:43,5
DA:48,3
DA:49,1
DA:50,1
DA:51,0
DA:54,1
DA:55,1
DA:60,0
DA:65,3
DA:66,3
DA:67,3
DA:69,3
DA:70,1
DA:73,2
DA:74,1
DA:80,2
DA:84,3
LF:41
LH:39
BRDA:16,0,0,5
BRDA:16,0,1,2
BRDA:32,1,0,1
BRDA:32,1,1,7
BRDA:32,2,0,8
BRDA:32,2,1,7
BRDA:32,2,2,7
BRDA:36,3,0,1
BRDA:36,3,1,6
BRDA:36,4,0,7
BRDA:36,4,1,6
BRDA:36,4,2,6
BRDA:50,5,0,0
BRDA:50,5,1,1
BRDA:69,6,0,1
BRDA:69,6,1,2
BRDA:69,7,0,3
BRDA:69,7,1,2
BRF:18
BRH:17
end_of_record
TN:
SF:src\routes\organizations.ts
FN:10,(anonymous_9)
FN:13,(anonymous_10)
FN:29,(anonymous_11)
FN:43,(anonymous_12)
FN:57,(anonymous_13)
FN:95,(anonymous_14)
FNF:6
FNH:6
FNDA:1,(anonymous_9)
FNDA:3,(anonymous_10)
FNDA:2,(anonymous_11)
FNDA:2,(anonymous_12)
FNDA:3,(anonymous_13)
FNDA:3,(anonymous_14)
DA:1,3
DA:2,3
DA:3,3
DA:4,3
DA:5,3
DA:6,3
DA:8,3
DA:10,3
DA:13,3
DA:14,3
DA:15,0
DA:18,3
DA:20,3
DA:21,2
DA:24,1
DA:25,1
DA:29,3
DA:30,2
DA:31,0
DA:34,2
DA:35,2
DA:39,3
DA:44,2
DA:45,2
DA:46,2
DA:48,2
DA:53,3
DA:58,3
DA:59,3
DA:61,3
DA:62,1
DA:65,2
DA:66,0
DA:69,2
DA:70,1
DA:73,1
DA:74,1
DA:75,0
DA:78,1
DA:86,1
DA:91,3
DA:96,3
DA:98,3
DA:99,0
DA:102,3
DA:103,1
DA:107,3
LF:47
LH:42
BRDA:10,0,0,0
BRDA:10,0,1,1
BRDA:14,1,0,0
BRDA:14,1,1,3
BRDA:20,2,0,2
BRDA:20,2,1,1
BRDA:20,3,0,3
BRDA:20,3,1,2
BRDA:30,4,0,0
BRDA:30,4,1,2
BRDA:46,5,0,2
BRDA:46,5,1,0
BRDA:59,6,0,0
BRDA:61,7,0,1
BRDA:61,7,1,2
BRDA:61,8,0,3
BRDA:61,8,1,3
BRDA:65,9,0,0
BRDA:65,9,1,2
BRDA:65,10,0,2
BRDA:65,10,1,2
BRDA:69,11,0,1
BRDA:69,11,1,1
BRDA:74,12,0,0
BRDA:74,12,1,1
BRDA:98,13,0,0
BRDA:98,13,1,3
BRF:27
BRH:19
end_of_record
TN:
SF:src\routes\tickets.ts
FN:14,(anonymous_9)
FN:43,(anonymous_10)
FN:69,(anonymous_11)
FN:86,(anonymous_12)
FN:106,(anonymous_13)
FN:113,(anonymous_14)
FN:133,(anonymous_15)
FN:155,(anonymous_16)
FN:169,(anonymous_17)
FN:190,(anonymous_18)
FN:216,(anonymous_19)
FN:230,(anonymous_20)
FN:248,(anonymous_21)
FN:255,(anonymous_22)
FN:277,(anonymous_23)
FN:284,(anonymous_24)
FN:306,(anonymous_25)
FN:317,(anonymous_26)
FN:328,(anonymous_27)
FNF:19
FNH:6
FNDA:19,(anonymous_9)
FNDA:4,(anonymous_10)
FNDA:0,(anonymous_11)
FNDA:2,(anonymous_12)
FNDA:2,(anonymous_13)
FNDA:4,(anonymous_14)
FNDA:0,(anonymous_15)
FNDA:0,(anonymous_16)
FNDA:0,(anonymous_17)
FNDA:0,(anonymous_18)
FNDA:0,(anonymous_19)
FNDA:3,(anonymous_20)
FNDA:0,(anonymous_21)
FNDA:0,(anonymous_22)
FNDA:0,(anonymous_23)
FNDA:0,(anonymous_24)
FNDA:0,(anonymous_25)
FNDA:0,(anonymous_26)
FNDA:0,(anonymous_27)
DA:1,3
DA:2,3
DA:3,3
DA:4,3
DA:5,3
DA:6,3
DA:7,3
DA:8,3
DA:9,3
DA:11,3
DA:14,3
DA:15,19
DA:16,19
DA:18,19
DA:19,0
DA:22,19
DA:23,1
DA:26,18
DA:31,18
DA:32,3
DA:35,15
DA:36,15
DA:38,4
DA:43,3
DA:44,4
DA:45,4
DA:46,4
DA:49,4
DA:50,4
DA:51,3
DA:54,1
DA:57,1
DA:58,1
DA:65,1
DA:66,1
DA:68,0
DA:69,0
DA:70,0
DA:74,1
DA:78,1
DA:79,1
DA:81,3
DA:86,3
DA:87,2
DA:88,2
DA:90,2
DA:91,2
DA:92,2
DA:93,2
DA:95,2
DA:96,2
DA:97,2
DA:98,2
DA:101,2
DA:102,2
DA:106,3
DA:107,2
DA:108,2
DA:109,1
DA:113,3
DA:114,4
DA:115,4
DA:118,4
DA:123,4
DA:124,1
DA:127,3
DA:130,3
DA:131,0
DA:132,0
DA:133,0
DA:134,0
DA:135,0
DA:139,3
DA:140,1
DA:143,2
DA:146,2
DA:147,0
DA:150,0
DA:151,0
DA:156,0
DA:161,0
DA:162,0
DA:170,0
DA:176,2
DA:177,2
DA:178,0
DA:179,0
DA:181,0
DA:182,0
DA:183,0
DA:185,0
DA:191,0
DA:197,2
DA:198,2
DA:205,2
DA:206,2
DA:207,2
DA:209,2
DA:210,0
DA:217,0
DA:222,0
DA:225,2
DA:226,2
DA:230,3
DA:231,3
DA:233,3
DA:234,1
DA:237,2
DA:239,2
DA:240,1
DA:243,1
DA:244,1
DA:248,3
DA:249,0
DA:250,0
DA:251,0
DA:255,3
DA:256,0
DA:257,0
DA:259,0
DA:260,0
DA:263,0
DA:268,0
DA:269,0
DA:272,0
DA:273,0
DA:277,3
DA:278,0
DA:279,0
DA:280,0
DA:284,3
DA:285,0
DA:286,0
DA:287,0
DA:289,0
DA:294,0
DA:296,0
DA:297,0
DA:298,0
DA:299,0
DA:300,0
DA:306,0
DA:316,0
DA:317,0
DA:321,0
DA:323,0
DA:328,3
DA:329,0
DA:330,0
DA:331,0
DA:333,0
DA:334,0
DA:337,0
DA:340,0
DA:345,0
DA:346,0
DA:347,0
DA:348,0
DA:349,0
DA:350,0
DA:351,0
DA:352,0
DA:361,0
DA:362,0
DA:364,0
DA:368,3
LF:166
LH:92
BRDA:18,0,0,0
BRDA:18,0,1,19
BRDA:22,1,0,1
BRDA:22,1,1,18
BRDA:31,2,0,3
BRDA:31,2,1,15
BRDA:50,3,0,3
BRDA:50,3,1,1
BRDA:54,4,0,1
BRDA:54,4,1,0
BRDA:54,5,0,1
BRDA:54,5,1,0
BRDA:66,6,0,1
BRDA:66,6,1,0
BRDA:91,7,0,0
BRDA:91,7,1,2
BRDA:92,8,0,0
BRDA:92,8,1,2
BRDA:93,9,0,0
BRDA:93,9,1,2
BRDA:95,10,0,2
BRDA:95,10,1,2
BRDA:95,11,0,2
BRDA:95,11,1,2
BRDA:96,12,0,2
BRDA:96,12,1,0
BRDA:123,13,0,1
BRDA:123,13,1,3
BRDA:130,14,0,0
BRDA:130,14,1,3
BRDA:134,15,0,0
BRDA:134,15,1,0
BRDA:139,16,0,1
BRDA:139,16,1,2
BRDA:139,17,0,3
BRDA:139,17,1,2
BRDA:146,18,0,0
BRDA:146,18,1,2
BRDA:150,19,0,0
BRDA:150,19,1,0
BRDA:150,20,0,0
BRDA:150,20,1,0
BRDA:161,21,0,0
BRDA:161,21,1,0
BRDA:161,22,0,0
BRDA:161,22,1,0
BRDA:177,23,0,0
BRDA:177,23,1,2
BRDA:181,24,0,0
BRDA:181,24,1,0
BRDA:183,25,0,0
BRDA:183,25,1,0
BRDA:197,26,0,2
BRDA:197,26,1,0
BRDA:197,27,0,2
BRDA:197,27,1,0
BRDA:206,28,0,2
BRDA:206,28,1,0
BRDA:233,29,0,1
BRDA:233,29,1,2
BRDA:239,30,0,1
BRDA:239,30,1,1
BRDA:259,31,0,0
BRDA:259,31,1,0
BRDA:259,32,0,0
BRDA:259,32,1,0
BRDA:268,33,0,0
BRDA:268,33,1,0
BRDA:296,34,0,0
BRDA:296,34,1,0
BRDA:298,35,0,0
BRDA:298,35,1,0
BRDA:298,36,0,0
BRDA:298,36,1,0
BRDA:298,36,2,0
BRDA:333,37,0,0
BRDA:333,37,1,0
BRDA:333,38,0,0
BRDA:333,38,1,0
BRDA:333,38,2,0
BRDA:345,39,0,0
BRDA:345,39,1,0
BRDA:347,40,0,0
BRDA:347,40,1,0
BRDA:347,41,0,0
BRDA:347,41,1,0
BRDA:347,41,2,0
BRDA:350,42,0,0
BRDA:350,42,1,0
BRDA:350,43,0,0
BRDA:350,43,1,0
BRF:91
BRH:34
end_of_record
TN:
SF:src\routes\uploads.ts
FN:11,(anonymous_9)
FN:34,(anonymous_10)
FN:46,(anonymous_11)
FN:117,(anonymous_12)
FNF:4
FNH:0
FNDA:0,(anonymous_9)
FNDA:0,(anonymous_10)
FNDA:0,(anonymous_11)
FNDA:0,(anonymous_12)
DA:1,3
DA:2,3
DA:3,3
DA:4,3
DA:5,3
DA:6,3
DA:7,3
DA:9,3
DA:11,3
DA:12,0
DA:13,0
DA:14,0
DA:15,0
DA:18,0
DA:23,0
DA:24,0
DA:27,0
DA:28,0
DA:30,0
DA:34,3
DA:35,0
DA:36,0
DA:37,0
DA:38,0
DA:41,3
DA:47,0
DA:48,0
DA:50,0
DA:51,0
DA:54,0
DA:56,0
DA:61,0
DA:62,0
DA:65,0
DA:67,0
DA:68,0
DA:69,0
DA:74,0
DA:75,0
DA:77,0
DA:78,0
DA:79,0
DA:85,0
DA:87,0
DA:88,0
DA:98,0
DA:106,0
DA:108,0
DA:113,3
DA:118,0
DA:119,0
DA:121,0
DA:128,0
DA:129,0
DA:132,0
DA:134,0
DA:135,0
DA:138,0
DA:139,0
DA:142,0
DA:143,0
DA:145,0
DA:150,3
LF:63
LH:13
BRDA:14,0,0,0
BRDA:14,0,1,0
BRDA:23,1,0,0
BRDA:23,1,1,0
BRDA:36,2,0,0
BRDA:36,2,1,0
BRDA:38,3,0,0
BRDA:38,3,1,0
BRDA:50,4,0,0
BRDA:50,4,1,0
BRDA:50,5,0,0
BRDA:50,5,1,0
BRDA:61,6,0,0
BRDA:61,6,1,0
BRDA:68,7,0,0
BRDA:68,7,1,0
BRDA:87,8,0,0
BRDA:87,8,1,0
BRDA:87,9,0,0
BRDA:87,9,1,0
BRDA:87,9,2,0
BRDA:128,10,0,0
BRDA:128,10,1,0
BRDA:134,11,0,0
BRDA:134,11,1,0
BRDA:138,12,0,0
BRDA:138,12,1,0
BRF:27
BRH:0
end_of_record
TN:
SF:src\services\authService.ts
FN:9,(anonymous_1)
FN:17,(anonymous_2)
FN:37,(anonymous_3)
FN:59,(anonymous_4)
FN:74,(anonymous_5)
FN:85,(anonymous_6)
FN:91,(anonymous_7)
FNF:7
FNH:7
FNDA:9,(anonymous_1)
FNDA:6,(anonymous_2)
FNDA:11,(anonymous_3)
FNDA:4,(anonymous_4)
FNDA:4,(anonymous_5)
FNDA:2,(anonymous_6)
FNDA:5,(anonymous_7)
DA:1,4
DA:2,4
DA:3,4
DA:4,4
DA:5,4
DA:7,4
DA:9,4
DA:10,9
DA:11,9
DA:12,0
DA:14,9
DA:17,4
DA:18,6
DA:19,6
DA:20,6
DA:21,6
DA:23,6
DA:24,6
DA:28,3
DA:30,3
DA:31,2
DA:33,1
DA:37,4
DA:39,11
DA:41,11
DA:43,11
DA:45,4
DA:46,4
DA:49,7
DA:50,7
DA:52,7
DA:53,3
DA:57,4
DA:58,4
DA:59,4
DA:62,4
DA:68,4
DA:74,4
DA:75,4
DA:79,4
DA:80,1
DA:82,3
DA:85,4
DA:86,2
DA:87,1
DA:88,1
DA:91,4
DA:92,5
DA:93,5
DA:95,3
LF:50
LH:49
BRDA:11,0,0,0
BRDA:11,0,1,9
BRDA:30,1,0,2
BRDA:30,1,1,1
BRDA:43,2,0,4
BRDA:43,2,1,7
BRDA:52,3,0,3
BRDA:52,3,1,4
BRDA:58,4,0,4
BRDA:58,4,1,0
BRDA:79,5,0,1
BRDA:79,5,1,3
BRF:12
BRH:10
end_of_record
TN:
SF:src\services\emailService.ts
FN:7,(anonymous_1)
FN:49,(anonymous_2)
FN:99,(anonymous_3)
FN:151,(anonymous_4)
FNF:4
FNH:0
FNDA:0,(anonymous_1)
FNDA:0,(anonymous_2)
FNDA:0,(anonymous_3)
FNDA:0,(anonymous_4)
DA:1,2
DA:5,2
DA:7,2
DA:8,0
DA:22,0
DA:23,0
DA:24,0
DA:35,0
DA:46,0
DA:49,2
DA:55,0
DA:56,0
DA:58,0
DA:84,0
DA:85,0
DA:87,0
DA:88,0
DA:91,0
DA:93,0
DA:95,0
DA:99,2
DA:106,0
DA:107,0
DA:109,0
DA:137,0
DA:138,0
DA:140,0
DA:141,0
DA:144,0
DA:146,0
DA:147,0
DA:151,2
DA:157,0
DA:158,0
DA:160,0
DA:186,0
DA:187,0
DA:189,0
DA:190,0
DA:193,0
DA:195,0
DA:196,0
LF:42
LH:6
BRDA:8,0,0,0
BRDA:8,0,1,0
BRDA:22,1,0,0
BRDA:22,1,1,0
BRDA:36,2,0,0
BRDA:36,2,1,0
BRDA:37,3,0,0
BRDA:37,3,1,0
BRDA:39,4,0,0
BRDA:39,4,1,0
BRDA:59,5,0,0
BRDA:59,5,1,0
BRDA:87,6,0,0
BRDA:87,6,1,0
BRDA:110,7,0,0
BRDA:110,7,1,0
BRDA:140,8,0,0
BRDA:140,8,1,0
BRDA:161,9,0,0
BRDA:161,9,1,0
BRDA:189,10,0,0
BRDA:189,10,1,0
BRF:22
BRH:0
end_of_record
TN:
SF:src\services\fileService.ts
FN:6,(anonymous_1)
FNF:1
FNH:0
FNDA:0,(anonymous_1)
DA:1,3
DA:4,3
DA:6,3
DA:7,0
DA:8,0
DA:10,0
DA:14,3
DA:23,3
DA:25,3
LF:9
LH:6
BRDA:7,0,0,0
BRDA:7,0,1,0
BRF:2
BRH:0
end_of_record
TN:
SF:src\services\githubIssueService.ts
FN:1,(anonymous_0)
FN:8,(anonymous_1)
FN:13,(anonymous_2)
FN:16,(anonymous_3)
FN:25,(anonymous_4)
FN:33,(anonymous_5)
FN:49,(anonymous_6)
FN:99,(anonymous_7)
FN:138,(anonymous_8)
FN:181,(anonymous_9)
FN:222,(anonymous_10)
FN:270,(anonymous_11)
FN:339,(anonymous_12)
FNF:13
FNH:2
FNDA:1,(anonymous_0)
FNDA:1,(anonymous_1)
FNDA:0,(anonymous_2)
FNDA:0,(anonymous_3)
FNDA:0,(anonymous_4)
FNDA:0,(anonymous_5)
FNDA:0,(anonymous_6)
FNDA:0,(anonymous_7)
FNDA:0,(anonymous_8)
FNDA:0,(anonymous_9)
FNDA:0,(anonymous_10)
FNDA:0,(anonymous_11)
FNDA:0,(anonymous_12)
DA:1,3
DA:2,1
DA:3,1
DA:4,1
DA:5,1
DA:8,3
DA:9,1
DA:10,1
DA:13,3
DA:14,0
DA:15,0
DA:16,0
DA:18,0
DA:19,0
DA:20,0
DA:23,0
DA:24,0
DA:25,0
DA:26,0
DA:28,0
DA:30,0
DA:31,0
DA:32,0
DA:33,0
DA:34,0
DA:36,0
DA:39,0
DA:49,3
DA:54,0
DA:55,0
DA:56,0
DA:59,0
DA:61,0
DA:62,0
DA:80,0
DA:81,0
DA:82,0
DA:83,0
DA:86,0
DA:87,0
DA:94,0
DA:95,0
DA:99,3
DA:104,0
DA:105,0
DA:108,0
DA:110,0
DA:111,0
DA:124,0
DA:125,0
DA:126,0
DA:127,0
DA:130,0
DA:131,0
DA:133,0
DA:134,0
DA:138,3
DA:143,0
DA:144,0
DA:147,0
DA:149,0
DA:150,0
DA:168,0
DA:169,0
DA:170,0
DA:171,0
DA:174,0
DA:176,0
DA:177,0
DA:181,3
DA:187,0
DA:188,0
DA:191,0
DA:193,0
DA:194,0
DA:209,0
DA:210,0
DA:211,0
DA:212,0
DA:215,0
DA:217,0
DA:218,0
DA:222,3
DA:230,0
DA:231,0
DA:234,0
DA:235,0
DA:236,0
DA:237,0
DA:238,0
DA:241,0
DA:242,0
DA:257,0
DA:258,0
DA:259,0
DA:260,0
DA:263,0
DA:265,0
DA:266,0
DA:270,3
DA:277,0
DA:278,0
DA:281,0
DA:283,0
DA:285,0
DA:298,0
DA:299,0
DA:300,0
DA:303,0
DA:304,0
DA:307,0
DA:308,0
DA:311,0
DA:326,0
DA:327,0
DA:328,0
DA:329,0
DA:332,0
DA:334,0
DA:335,0
DA:339,3
DA:344,0
DA:345,0
DA:348,0
DA:350,0
DA:351,0
DA:364,0
DA:365,0
DA:366,0
DA:369,0
DA:371,0
DA:372,0
LF:132
LH:16
BRDA:2,0,0,1
BRDA:2,0,1,1
BRDA:3,1,0,1
BRDA:3,1,1,1
BRDA:4,2,0,1
BRDA:4,2,1,1
BRDA:10,3,0,1
BRDA:10,3,1,0
BRDA:10,3,2,0
BRDA:13,4,0,0
BRDA:23,5,0,0
BRDA:23,5,1,0
BRDA:23,6,0,0
BRDA:23,6,1,0
BRDA:31,7,0,0
BRDA:31,7,1,0
BRDA:31,8,0,0
BRDA:31,8,1,0
BRDA:54,9,0,0
BRDA:54,9,1,0
BRDA:75,10,0,0
BRDA:75,10,1,0
BRDA:80,11,0,0
BRDA:80,11,1,0
BRDA:104,12,0,0
BRDA:104,12,1,0
BRDA:124,13,0,0
BRDA:124,13,1,0
BRDA:143,14,0,0
BRDA:143,14,1,0
BRDA:168,15,0,0
BRDA:168,15,1,0
BRDA:187,16,0,0
BRDA:187,16,1,0
BRDA:209,17,0,0
BRDA:209,17,1,0
BRDA:230,18,0,0
BRDA:230,18,1,0
BRDA:236,19,0,0
BRDA:236,19,1,0
BRDA:237,20,0,0
BRDA:237,20,1,0
BRDA:237,21,0,0
BRDA:237,21,1,0
BRDA:238,22,0,0
BRDA:238,22,1,0
BRDA:257,23,0,0
BRDA:257,23,1,0
BRDA:277,24,0,0
BRDA:277,24,1,0
BRDA:298,25,0,0
BRDA:298,25,1,0
BRDA:304,26,0,0
BRDA:304,26,1,0
BRDA:326,27,0,0
BRDA:326,27,1,0
BRDA:344,28,0,0
BRDA:344,28,1,0
BRDA:364,29,0,0
BRDA:364,29,1,0
BRF:60
BRH:7
end_of_record
TN:
SF:src\services\githubStorageService.ts
FN:6,(anonymous_0)
FN:13,(anonymous_1)
FN:15,(anonymous_2)
FNF:3
FNH:0
FNDA:0,(anonymous_0)
FNDA:0,(anonymous_1)
FNDA:0,(anonymous_2)
DA:6,3
DA:7,0
DA:13,3
DA:15,3
DA:21,0
DA:22,0
DA:25,0
DA:26,0
DA:27,0
DA:28,0
DA:29,0
DA:31,0
DA:50,0
DA:51,0
DA:52,0
DA:55,0
DA:56,0
LF:17
LH:3
BRDA:8,0,0,0
BRDA:8,0,1,0
BRDA:8,0,2,0
BRDA:21,1,0,0
BRDA:21,1,1,0
BRDA:27,2,0,0
BRDA:27,2,1,0
BRDA:28,3,0,0
BRDA:28,3,1,0
BRDA:50,4,0,0
BRDA:50,4,1,0
BRF:11
BRH:0
end_of_record
TN:
SF:src\services\imageSanitizer.ts
FN:14,(anonymous_1)
FN:45,(anonymous_2)
FN:81,(anonymous_3)
FNF:3
FNH:0
FNDA:0,(anonymous_1)
FNDA:0,(anonymous_2)
FNDA:0,(anonymous_3)
DA:1,3
DA:3,3
DA:4,3
DA:5,3
DA:7,3
DA:14,3
DA:15,0
DA:17,0
DA:18,0
DA:21,0
DA:22,0
DA:25,0
DA:26,0
DA:29,0
DA:33,0
DA:36,0
DA:45,3
DA:46,0
DA:47,0
DA:50,0
DA:51,0
DA:52,0
DA:55,0
DA:57,0
DA:58,0
DA:59,0
DA:60,0
DA:64,0
DA:65,0
DA:69,0
DA:70,0
DA:73,0
DA:74,0
DA:81,3
DA:82,0
DA:83,0
DA:84,0
DA:85,0
DA:91,0
LF:39
LH:8
BRDA:15,0,0,0
BRDA:15,0,1,0
BRDA:17,1,0,0
BRDA:17,1,1,0
BRDA:17,2,0,0
BRDA:17,2,1,0
BRDA:17,2,2,0
BRDA:21,3,0,0
BRDA:21,3,1,0
BRDA:21,4,0,0
BRDA:21,4,1,0
BRDA:21,4,2,0
BRDA:21,4,3,0
BRDA:25,5,0,0
BRDA:25,5,1,0
BRDA:25,6,0,0
BRDA:25,6,1,0
BRDA:25,6,2,0
BRDA:29,7,0,0
BRDA:29,7,1,0
BRDA:30,8,0,0
BRDA:30,8,1,0
BRDA:30,8,2,0
BRDA:30,8,3,0
BRDA:30,8,4,0
BRDA:30,8,5,0
BRDA:30,8,6,0
BRDA:30,8,7,0
BRDA:46,9,0,0
BRDA:46,9,1,0
BRDA:51,10,0,0
BRDA:51,10,1,0
BRDA:51,11,0,0
BRDA:51,11,1,0
BRDA:57,12,0,0
BRDA:57,12,1,0
BRDA:59,13,0,0
BRDA:59,13,1,0
BRDA:59,14,0,0
BRDA:59,14,1,0
BRDA:64,15,0,0
BRDA:64,15,1,0
BRDA:77,16,0,0
BRDA:77,16,1,0
BRDA:85,17,0,0
BRDA:85,17,1,0
BRF:46
BRH:0
end_of_record
TN:
SF:src\services\orgService.ts
FN:7,(anonymous_9)
FN:24,(anonymous_10)
FN:36,(anonymous_11)
FN:51,(anonymous_12)
FN:62,(anonymous_13)
FN:87,(anonymous_14)
FNF:6
FNH:6
FNDA:1,(anonymous_9)
FNDA:2,(anonymous_10)
FNDA:1,(anonymous_11)
FNDA:2,(anonymous_12)
FNDA:3,(anonymous_13)
FNDA:1,(anonymous_14)
DA:1,3
DA:2,3
DA:3,3
DA:4,3
DA:5,3
DA:7,3
DA:8,1
DA:9,1
DA:11,1
DA:16,1
DA:21,1
DA:24,3
DA:25,2
DA:33,2
DA:36,3
DA:37,1
DA:38,1
DA:42,1
DA:44,0
DA:45,0
DA:47,0
DA:51,3
DA:52,2
DA:59,2
DA:62,3
DA:63,3
DA:64,1
DA:67,2
DA:72,2
DA:73,0
DA:76,2
DA:77,1
DA:80,1
DA:84,1
DA:87,3
DA:94,1
DA:96,1
DA:97,0
DA:100,1
DA:101,0
DA:104,1
DA:105,0
DA:108,1
DA:112,1
DA:114,1
DA:115,0
DA:116,0
DA:118,0
DA:123,0
DA:124,0
DA:127,1
DA:128,1
DA:129,1
DA:130,1
DA:133,1
DA:135,1
LF:56
LH:44
BRDA:36,0,0,0
BRDA:44,1,0,0
BRDA:44,1,1,0
BRDA:63,2,0,1
BRDA:63,2,1,2
BRDA:63,3,0,3
BRDA:63,3,1,3
BRDA:72,4,0,0
BRDA:72,4,1,2
BRDA:76,5,0,1
BRDA:76,5,1,1
BRDA:92,6,0,0
BRDA:96,7,0,0
BRDA:96,7,1,1
BRDA:100,8,0,0
BRDA:100,8,1,1
BRDA:104,9,0,0
BRDA:104,9,1,1
BRDA:114,10,0,0
BRDA:114,10,1,1
BRDA:123,11,0,0
BRDA:123,11,1,0
BRF:22
BRH:11
end_of_record
TN:
SF:src\services\socketService.ts
FN:7,(anonymous_0)
FN:16,(anonymous_1)
FN:20,(anonymous_2)
FN:25,(anonymous_3)
FN:30,(anonymous_4)
FN:38,(anonymous_5)
FN:48,(anonymous_6)
FNF:7
FNH:1
FNDA:0,(anonymous_0)
FNDA:0,(anonymous_1)
FNDA:0,(anonymous_2)
FNDA:0,(anonymous_3)
FNDA:0,(anonymous_4)
FNDA:0,(anonymous_5)
FNDA:4,(anonymous_6)
DA:2,3
DA:3,3
DA:5,3
DA:7,3
DA:8,0
DA:16,0
DA:17,0
DA:20,0
DA:21,0
DA:22,0
DA:25,0
DA:26,0
DA:27,0
DA:30,0
DA:31,0
DA:35,0
DA:38,3
DA:39,0
DA:40,0
DA:42,0
DA:48,3
DA:49,4
DA:50,0
DA:51,0
LF:24
LH:7
BRDA:10,0,0,0
BRDA:10,0,1,0
BRDA:39,1,0,0
BRDA:39,1,1,0
BRDA:49,2,0,0
BRDA:49,2,1,4
BRF:6
BRH:1
end_of_record
TN:
SF:src\services\storageService.ts
FN:18,(anonymous_1)
FN:24,(anonymous_2)
FN:42,(anonymous_3)
FN:49,(anonymous_4)
FNF:4
FNH:0
FNDA:0,(anonymous_1)
FNDA:0,(anonymous_2)
FNDA:0,(anonymous_3)
FNDA:0,(anonymous_4)
DA:1,3
DA:2,3
DA:3,3
DA:4,3
DA:6,3
DA:8,3
DA:9,0
DA:18,3
DA:19,0
DA:20,0
DA:21,0
DA:24,3
DA:30,0
DA:31,0
DA:33,0
DA:34,0
DA:35,0
DA:38,0
DA:39,0
DA:42,3
DA:43,0
DA:44,0
DA:46,0
DA:49,3
DA:50,0
DA:51,0
DA:53,0
LF:27
LH:10
BRDA:8,0,0,0
BRDA:8,0,1,3
BRDA:33,1,0,0
BRDA:33,1,1,0
BRDA:43,2,0,0
BRDA:43,2,1,0
BRDA:43,3,0,0
BRDA:43,3,1,0
BRDA:43,3,2,0
BRF:9
BRH:1
end_of_record
TN:
SF:src\services\ticketService.ts
FN:6,(anonymous_9)
FN:53,(anonymous_10)
FN:109,(anonymous_11)
FN:150,(anonymous_12)
FN:161,(anonymous_13)
FN:196,(anonymous_14)
FN:204,(anonymous_15)
FN:218,(anonymous_16)
FN:229,(anonymous_17)
FN:246,(anonymous_18)
FN:254,(anonymous_19)
FN:262,(anonymous_20)
FN:273,(anonymous_21)
FNF:13
FNH:7
FNDA:1,(anonymous_9)
FNDA:2,(anonymous_10)
FNDA:2,(anonymous_11)
FNDA:2,(anonymous_12)
FNDA:2,(anonymous_13)
FNDA:2,(anonymous_14)
FNDA:3,(anonymous_15)
FNDA:0,(anonymous_16)
FNDA:0,(anonymous_17)
FNDA:0,(anonymous_18)
FNDA:0,(anonymous_19)
FNDA:0,(anonymous_20)
FNDA:0,(anonymous_21)
DA:1,3
DA:2,3
DA:3,3
DA:4,3
DA:6,3
DA:13,1
DA:15,1
DA:16,1
DA:17,1
DA:18,0
DA:21,1
DA:22,1
DA:23,1
DA:24,1
DA:26,1
DA:35,1
DA:37,1
DA:49,0
DA:53,3
DA:54,2
DA:55,2
DA:57,2
DA:58,2
DA:59,2
DA:62,2
DA:64,2
DA:65,1
DA:68,1
DA:71,1
DA:72,0
DA:73,0
DA:79,0
DA:80,0
DA:83,0
DA:84,0
DA:88,0
DA:89,0
DA:92,0
DA:102,0
DA:106,1
DA:109,3
DA:110,2
DA:111,2
DA:112,2
DA:114,2
DA:115,0
DA:116,0
DA:117,0
DA:120,2
DA:121,0
DA:122,0
DA:123,0
DA:126,2
DA:127,0
DA:128,0
DA:129,0
DA:132,2
DA:134,2
DA:135,2
DA:136,2
DA:137,2
DA:140,2
DA:141,0
DA:142,0
DA:143,0
DA:146,2
DA:147,2
DA:150,3
DA:156,2
DA:157,2
DA:158,2
DA:159,2
DA:161,2
DA:162,2
DA:163,2
DA:164,2
DA:165,2
DA:169,2
DA:170,0
DA:173,2
DA:174,2
DA:175,2
DA:177,2
DA:179,2
DA:186,2
DA:187,0
DA:191,2
DA:193,2
DA:196,3
DA:197,2
DA:201,2
DA:204,3
DA:211,3
DA:218,3
DA:219,0
DA:226,0
DA:229,3
DA:235,0
DA:237,0
DA:243,0
DA:246,3
DA:247,0
DA:251,0
DA:254,3
DA:255,0
DA:259,0
DA:262,3
DA:263,0
DA:270,0
DA:273,3
DA:274,0
DA:275,0
DA:283,0
DA:285,0
LF:114
LH:73
BRDA:11,0,0,0
BRDA:17,1,0,0
BRDA:17,1,1,1
BRDA:21,2,0,1
BRDA:21,2,1,1
BRDA:22,3,0,1
BRDA:22,3,1,1
BRDA:23,4,0,1
BRDA:23,4,1,1
BRDA:24,5,0,1
BRDA:24,5,1,1
BRDA:57,6,0,2
BRDA:57,6,1,0
BRDA:64,7,0,1
BRDA:64,7,1,1
BRDA:71,8,0,0
BRDA:71,8,1,1
BRDA:71,9,0,1
BRDA:71,9,1,0
BRDA:71,9,2,0
BRDA:79,10,0,0
BRDA:79,10,1,0
BRDA:83,11,0,0
BRDA:83,11,1,0
BRDA:83,12,0,0
BRDA:83,12,1,0
BRDA:114,13,0,0
BRDA:114,13,1,2
BRDA:120,14,0,0
BRDA:120,14,1,2
BRDA:126,15,0,0
BRDA:126,15,1,2
BRDA:134,16,0,2
BRDA:134,16,1,0
BRDA:140,17,0,0
BRDA:140,17,1,2
BRDA:162,18,0,2
BRDA:162,18,1,0
BRDA:169,19,0,0
BRDA:169,19,1,2
BRDA:186,20,0,0
BRDA:186,20,1,2
BRDA:201,21,0,2
BRDA:201,21,1,0
BRDA:259,22,0,0
BRDA:259,22,1,0
BRF:46
BRH:23
end_of_record
TN:
SF:src\utils\validation.ts
FN:7,(anonymous_0)
FN:14,(anonymous_1)
FN:20,(anonymous_2)
FN:26,(anonymous_3)
FN:32,(anonymous_4)
FN:39,(anonymous_5)
FN:44,(anonymous_6)
FN:49,(anonymous_7)
FN:54,(anonymous_8)
FN:59,(anonymous_9)
FN:64,(anonymous_10)
FN:69,(anonymous_11)
FN:75,(anonymous_12)
FN:91,(anonymous_13)
FN:119,(anonymous_14)
FN:154,(anonymous_15)
FN:159,(anonymous_16)
FN:172,(anonymous_17)
FNF:18
FNH:14
FNDA:10,(anonymous_0)
FNDA:22,(anonymous_1)
FNDA:20,(anonymous_2)
FNDA:23,(anonymous_3)
FNDA:32,(anonymous_4)
FNDA:7,(anonymous_5)
FNDA:6,(anonymous_6)
FNDA:15,(anonymous_7)
FNDA:6,(anonymous_8)
FNDA:2,(anonymous_9)
FNDA:12,(anonymous_10)
FNDA:0,(anonymous_11)
FNDA:0,(anonymous_12)
FNDA:9,(anonymous_13)
FNDA:14,(anonymous_14)
FNDA:0,(anonymous_15)
FNDA:0,(anonymous_16)
FNDA:7,(anonymous_17)
DA:6,6
DA:7,10
DA:8,10
DA:9,10
DA:14,6
DA:15,22
DA:16,22
DA:20,6
DA:21,20
DA:22,20
DA:26,6
DA:27,23
DA:28,23
DA:32,6
DA:33,32
DA:34,31
DA:35,31
DA:39,6
DA:40,7
DA:44,6
DA:45,6
DA:49,6
DA:50,15
DA:54,6
DA:55,6
DA:59,6
DA:60,2
DA:64,6
DA:65,12
DA:69,6
DA:70,0
DA:71,0
DA:75,6
DA:76,0
DA:87,0
DA:91,6
DA:92,9
DA:94,9
DA:95,4
DA:101,9
DA:102,0
DA:108,9
DA:109,2
DA:115,9
DA:119,6
DA:120,14
DA:122,14
DA:123,5
DA:129,14
DA:130,3
DA:136,14
DA:137,3
DA:143,14
DA:144,2
DA:150,14
DA:154,6
DA:155,0
DA:156,0
DA:160,0
DA:167,0
DA:172,6
DA:173,7
DA:174,7
DA:176,7
DA:177,2
DA:180,5
LF:66
LH:57
BRDA:16,0,0,22
BRDA:16,0,1,15
BRDA:32,1,0,0
BRDA:32,2,0,0
BRDA:33,3,0,1
BRDA:33,3,1,31
BRDA:35,4,0,31
BRDA:35,4,1,28
BRDA:69,5,0,0
BRDA:71,6,0,0
BRDA:71,6,1,0
BRDA:94,7,0,4
BRDA:94,7,1,5
BRDA:94,8,0,9
BRDA:94,8,1,7
BRDA:101,9,0,0
BRDA:101,9,1,9
BRDA:101,10,0,9
BRDA:101,10,1,6
BRDA:108,11,0,2
BRDA:108,11,1,7
BRDA:108,12,0,9
BRDA:108,12,1,9
BRDA:122,13,0,5
BRDA:122,13,1,9
BRDA:122,14,0,14
BRDA:122,14,1,11
BRDA:129,15,0,3
BRDA:129,15,1,11
BRDA:129,16,0,14
BRDA:129,16,1,11
BRDA:136,17,0,3
BRDA:136,17,1,11
BRDA:136,18,0,14
BRDA:136,18,1,13
BRDA:143,19,0,2
BRDA:143,19,1,12
BRDA:155,20,0,0
BRDA:155,20,1,0
BRDA:173,21,0,7
BRDA:173,21,1,2
BRDA:174,22,0,7
BRDA:174,22,1,1
BRDA:176,23,0,2
BRDA:176,23,1,5
BRDA:176,24,0,7
BRDA:176,24,1,7
BRDA:176,24,2,7
BRF:48
BRH:40
end_of_record
